{"/Users/gedeonrony/Desktop/coding/podcut/mobile/services/folderStorage.ts": {"path":"/Users/gedeonrony/Desktop/coding/podcut/mobile/services/folderStorage.ts","statementMap":{"0":{"start":{"line":15,"column":4},"end":{"line":30,"column":5}},"1":{"start":{"line":16,"column":32},"end":{"line":24,"column":9}},"2":{"start":{"line":16,"column":57},"end":{"line":24,"column":7}},"3":{"start":{"line":20,"column":43},"end":{"line":23,"column":9}},"4":{"start":{"line":26,"column":6},"end":{"line":26,"column":90}},"5":{"start":{"line":28,"column":6},"end":{"line":28,"column":68}},"6":{"start":{"line":29,"column":6},"end":{"line":29,"column":48}},"7":{"start":{"line":37,"column":4},"end":{"line":64,"column":5}},"8":{"start":{"line":38,"column":26},"end":{"line":38,"column":74}},"9":{"start":{"line":40,"column":6},"end":{"line":42,"column":7}},"10":{"start":{"line":41,"column":8},"end":{"line":41,"column":18}},"11":{"start":{"line":44,"column":28},"end":{"line":44,"column":51}},"12":{"start":{"line":46,"column":6},"end":{"line":49,"column":7}},"13":{"start":{"line":47,"column":8},"end":{"line":47,"column":70}},"14":{"start":{"line":48,"column":8},"end":{"line":48,"column":18}},"15":{"start":{"line":52,"column":6},"end":{"line":60,"column":10}},"16":{"start":{"line":52,"column":49},"end":{"line":60,"column":7}},"17":{"start":{"line":56,"column":48},"end":{"line":59,"column":9}},"18":{"start":{"line":62,"column":6},"end":{"line":62,"column":69}},"19":{"start":{"line":63,"column":6},"end":{"line":63,"column":16}},"20":{"start":{"line":71,"column":4},"end":{"line":77,"column":5}},"21":{"start":{"line":72,"column":22},"end":{"line":72,"column":46}},"22":{"start":{"line":73,"column":6},"end":{"line":73,"column":60}},"23":{"start":{"line":73,"column":33},"end":{"line":73,"column":50}},"24":{"start":{"line":75,"column":6},"end":{"line":75,"column":74}},"25":{"start":{"line":76,"column":6},"end":{"line":76,"column":18}},"26":{"start":{"line":84,"column":4},"end":{"line":104,"column":5}},"27":{"start":{"line":85,"column":22},"end":{"line":85,"column":46}},"28":{"start":{"line":88,"column":6},"end":{"line":97,"column":7}},"29":{"start":{"line":89,"column":29},"end":{"line":89,"column":80}},"30":{"start":{"line":89,"column":49},"end":{"line":89,"column":79}},"31":{"start":{"line":90,"column":8},"end":{"line":96,"column":9}},"32":{"start":{"line":91,"column":10},"end":{"line":93,"column":11}},"33":{"start":{"line":92,"column":12},"end":{"line":92,"column":54}},"34":{"start":{"line":95,"column":10},"end":{"line":95,"column":91}},"35":{"start":{"line":99,"column":6},"end":{"line":99,"column":27}},"36":{"start":{"line":100,"column":6},"end":{"line":100,"column":38}},"37":{"start":{"line":102,"column":6},"end":{"line":102,"column":67}},"38":{"start":{"line":103,"column":6},"end":{"line":103,"column":46}},"39":{"start":{"line":111,"column":4},"end":{"line":130,"column":5}},"40":{"start":{"line":112,"column":22},"end":{"line":112,"column":46}},"41":{"start":{"line":113,"column":20},"end":{"line":113,"column":63}},"42":{"start":{"line":113,"column":45},"end":{"line":113,"column":62}},"43":{"start":{"line":115,"column":6},"end":{"line":117,"column":7}},"44":{"start":{"line":116,"column":8},"end":{"line":116,"column":64}},"45":{"start":{"line":119,"column":6},"end":{"line":124,"column":8}},"46":{"start":{"line":126,"column":6},"end":{"line":126,"column":38}},"47":{"start":{"line":128,"column":6},"end":{"line":128,"column":69}},"48":{"start":{"line":129,"column":6},"end":{"line":129,"column":49}},"49":{"start":{"line":138,"column":4},"end":{"line":166,"column":5}},"50":{"start":{"line":139,"column":22},"end":{"line":139,"column":46}},"51":{"start":{"line":140,"column":29},"end":{"line":140,"column":67}},"52":{"start":{"line":140,"column":49},"end":{"line":140,"column":66}},"53":{"start":{"line":142,"column":6},"end":{"line":145,"column":7}},"54":{"start":{"line":143,"column":8},"end":{"line":143,"column":88}},"55":{"start":{"line":144,"column":8},"end":{"line":144,"column":15}},"56":{"start":{"line":148,"column":28},"end":{"line":148,"column":74}},"57":{"start":{"line":149,"column":26},"end":{"line":149,"column":54}},"58":{"start":{"line":152,"column":29},"end":{"line":152,"column":79}},"59":{"start":{"line":152,"column":51},"end":{"line":152,"column":78}},"60":{"start":{"line":155,"column":6},"end":{"line":160,"column":7}},"61":{"start":{"line":156,"column":29},"end":{"line":156,"column":95}},"62":{"start":{"line":156,"column":56},"end":{"line":156,"column":94}},"63":{"start":{"line":157,"column":8},"end":{"line":159,"column":9}},"64":{"start":{"line":158,"column":10},"end":{"line":158,"column":96}},"65":{"start":{"line":158,"column":79},"end":{"line":158,"column":94}},"66":{"start":{"line":162,"column":6},"end":{"line":162,"column":45}},"67":{"start":{"line":164,"column":6},"end":{"line":164,"column":69}},"68":{"start":{"line":165,"column":6},"end":{"line":165,"column":49}},"69":{"start":{"line":173,"column":4},"end":{"line":218,"column":5}},"70":{"start":{"line":174,"column":22},"end":{"line":174,"column":46}},"71":{"start":{"line":175,"column":27},"end":{"line":175,"column":65}},"72":{"start":{"line":175,"column":47},"end":{"line":175,"column":64}},"73":{"start":{"line":177,"column":6},"end":{"line":179,"column":7}},"74":{"start":{"line":178,"column":8},"end":{"line":178,"column":56}},"75":{"start":{"line":182,"column":6},"end":{"line":187,"column":7}},"76":{"start":{"line":183,"column":30},"end":{"line":183,"column":76}},"77":{"start":{"line":184,"column":8},"end":{"line":186,"column":9}},"78":{"start":{"line":185,"column":10},"end":{"line":185,"column":79}},"79":{"start":{"line":189,"column":26},"end":{"line":189,"column":53}},"80":{"start":{"line":192,"column":6},"end":{"line":197,"column":7}},"81":{"start":{"line":193,"column":26},"end":{"line":193,"column":67}},"82":{"start":{"line":193,"column":46},"end":{"line":193,"column":66}},"83":{"start":{"line":194,"column":8},"end":{"line":196,"column":9}},"84":{"start":{"line":195,"column":10},"end":{"line":195,"column":90}},"85":{"start":{"line":195,"column":73},"end":{"line":195,"column":88}},"86":{"start":{"line":200,"column":6},"end":{"line":208,"column":7}},"87":{"start":{"line":201,"column":26},"end":{"line":201,"column":67}},"88":{"start":{"line":201,"column":46},"end":{"line":201,"column":66}},"89":{"start":{"line":202,"column":8},"end":{"line":204,"column":9}},"90":{"start":{"line":203,"column":10},"end":{"line":203,"column":72}},"91":{"start":{"line":205,"column":8},"end":{"line":207,"column":9}},"92":{"start":{"line":206,"column":10},"end":{"line":206,"column":48}},"93":{"start":{"line":211,"column":6},"end":{"line":211,"column":48}},"94":{"start":{"line":212,"column":6},"end":{"line":212,"column":42}},"95":{"start":{"line":214,"column":6},"end":{"line":214,"column":38}},"96":{"start":{"line":216,"column":6},"end":{"line":216,"column":67}},"97":{"start":{"line":217,"column":6},"end":{"line":217,"column":47}},"98":{"start":{"line":225,"column":4},"end":{"line":247,"column":5}},"99":{"start":{"line":226,"column":22},"end":{"line":226,"column":46}},"100":{"start":{"line":227,"column":21},"end":{"line":227,"column":59}},"101":{"start":{"line":227,"column":41},"end":{"line":227,"column":58}},"102":{"start":{"line":229,"column":6},"end":{"line":231,"column":7}},"103":{"start":{"line":230,"column":8},"end":{"line":230,"column":56}},"104":{"start":{"line":234,"column":21},"end":{"line":234,"column":63}},"105":{"start":{"line":234,"column":46},"end":{"line":234,"column":62}},"106":{"start":{"line":235,"column":6},"end":{"line":238,"column":7}},"107":{"start":{"line":236,"column":8},"end":{"line":236,"column":93}},"108":{"start":{"line":237,"column":8},"end":{"line":237,"column":15}},"109":{"start":{"line":240,"column":6},"end":{"line":240,"column":30}},"110":{"start":{"line":241,"column":6},"end":{"line":241,"column":36}},"111":{"start":{"line":243,"column":6},"end":{"line":243,"column":38}},"112":{"start":{"line":245,"column":6},"end":{"line":245,"column":75}},"113":{"start":{"line":246,"column":6},"end":{"line":246,"column":54}},"114":{"start":{"line":254,"column":4},"end":{"line":269,"column":5}},"115":{"start":{"line":255,"column":22},"end":{"line":255,"column":46}},"116":{"start":{"line":256,"column":21},"end":{"line":256,"column":59}},"117":{"start":{"line":256,"column":41},"end":{"line":256,"column":58}},"118":{"start":{"line":258,"column":6},"end":{"line":260,"column":7}},"119":{"start":{"line":259,"column":8},"end":{"line":259,"column":56}},"120":{"start":{"line":262,"column":6},"end":{"line":262,"column":65}},"121":{"start":{"line":262,"column":48},"end":{"line":262,"column":63}},"122":{"start":{"line":263,"column":6},"end":{"line":263,"column":36}},"123":{"start":{"line":265,"column":6},"end":{"line":265,"column":38}},"124":{"start":{"line":267,"column":6},"end":{"line":267,"column":79}},"125":{"start":{"line":268,"column":6},"end":{"line":268,"column":59}},"126":{"start":{"line":276,"column":4},"end":{"line":282,"column":5}},"127":{"start":{"line":277,"column":22},"end":{"line":277,"column":46}},"128":{"start":{"line":278,"column":6},"end":{"line":278,"column":54}},"129":{"start":{"line":278,"column":35},"end":{"line":278,"column":52}},"130":{"start":{"line":280,"column":6},"end":{"line":280,"column":74}},"131":{"start":{"line":281,"column":6},"end":{"line":281,"column":16}},"132":{"start":{"line":289,"column":4},"end":{"line":295,"column":5}},"133":{"start":{"line":290,"column":22},"end":{"line":290,"column":46}},"134":{"start":{"line":291,"column":6},"end":{"line":291,"column":66}},"135":{"start":{"line":291,"column":35},"end":{"line":291,"column":64}},"136":{"start":{"line":293,"column":6},"end":{"line":293,"column":72}},"137":{"start":{"line":294,"column":6},"end":{"line":294,"column":16}},"138":{"start":{"line":305,"column":4},"end":{"line":320,"column":5}},"139":{"start":{"line":306,"column":22},"end":{"line":306,"column":46}},"140":{"start":{"line":307,"column":21},"end":{"line":307,"column":59}},"141":{"start":{"line":307,"column":41},"end":{"line":307,"column":58}},"142":{"start":{"line":309,"column":6},"end":{"line":311,"column":7}},"143":{"start":{"line":310,"column":8},"end":{"line":310,"column":56}},"144":{"start":{"line":313,"column":6},"end":{"line":313,"column":60}},"145":{"start":{"line":314,"column":6},"end":{"line":314,"column":36}},"146":{"start":{"line":316,"column":6},"end":{"line":316,"column":38}},"147":{"start":{"line":318,"column":6},"end":{"line":318,"column":78}},"148":{"start":{"line":319,"column":6},"end":{"line":319,"column":58}},"149":{"start":{"line":327,"column":4},"end":{"line":332,"column":5}},"150":{"start":{"line":328,"column":6},"end":{"line":328,"column":58}},"151":{"start":{"line":330,"column":6},"end":{"line":330,"column":70}},"152":{"start":{"line":331,"column":6},"end":{"line":331,"column":49}},"153":{"start":{"line":339,"column":19},"end":{"line":339,"column":57}},"154":{"start":{"line":339,"column":39},"end":{"line":339,"column":56}},"155":{"start":{"line":340,"column":4},"end":{"line":340,"column":27}},"156":{"start":{"line":340,"column":17},"end":{"line":340,"column":27}},"157":{"start":{"line":342,"column":32},"end":{"line":342,"column":34}},"158":{"start":{"line":344,"column":4},"end":{"line":347,"column":5}},"159":{"start":{"line":345,"column":6},"end":{"line":345,"column":32}},"160":{"start":{"line":346,"column":6},"end":{"line":346,"column":86}},"161":{"start":{"line":349,"column":4},"end":{"line":349,"column":23}},"162":{"start":{"line":356,"column":4},"end":{"line":373,"column":5}},"163":{"start":{"line":357,"column":22},"end":{"line":357,"column":46}},"164":{"start":{"line":358,"column":29},"end":{"line":358,"column":31}},"165":{"start":{"line":359,"column":42},"end":{"line":359,"column":50}},"166":{"start":{"line":361,"column":6},"end":{"line":367,"column":7}},"167":{"start":{"line":362,"column":23},"end":{"line":362,"column":62}},"168":{"start":{"line":362,"column":43},"end":{"line":362,"column":61}},"169":{"start":{"line":363,"column":8},"end":{"line":363,"column":27}},"170":{"start":{"line":363,"column":21},"end":{"line":363,"column":27}},"171":{"start":{"line":365,"column":8},"end":{"line":365,"column":34}},"172":{"start":{"line":366,"column":8},"end":{"line":366,"column":42}},"173":{"start":{"line":369,"column":6},"end":{"line":369,"column":18}},"174":{"start":{"line":371,"column":6},"end":{"line":371,"column":73}},"175":{"start":{"line":372,"column":6},"end":{"line":372,"column":16}}},"fnMap":{"0":{"name":"(anonymous_0)","decl":{"start":{"line":14,"column":2},"end":{"line":14,"column":3}},"loc":{"start":{"line":14,"column":61},"end":{"line":31,"column":3}},"line":14},"1":{"name":"(anonymous_1)","decl":{"start":{"line":16,"column":44},"end":{"line":16,"column":45}},"loc":{"start":{"line":16,"column":57},"end":{"line":24,"column":7}},"line":16},"2":{"name":"(anonymous_2)","decl":{"start":{"line":20,"column":32},"end":{"line":20,"column":33}},"loc":{"start":{"line":20,"column":43},"end":{"line":23,"column":9}},"line":20},"3":{"name":"(anonymous_3)","decl":{"start":{"line":36,"column":2},"end":{"line":36,"column":3}},"loc":{"start":{"line":36,"column":48},"end":{"line":65,"column":3}},"line":36},"4":{"name":"(anonymous_4)","decl":{"start":{"line":52,"column":31},"end":{"line":52,"column":32}},"loc":{"start":{"line":52,"column":49},"end":{"line":60,"column":7}},"line":52},"5":{"name":"(anonymous_5)","decl":{"start":{"line":56,"column":32},"end":{"line":56,"column":33}},"loc":{"start":{"line":56,"column":48},"end":{"line":59,"column":9}},"line":56},"6":{"name":"(anonymous_6)","decl":{"start":{"line":70,"column":2},"end":{"line":70,"column":3}},"loc":{"start":{"line":70,"column":71},"end":{"line":78,"column":3}},"line":70},"7":{"name":"(anonymous_7)","decl":{"start":{"line":73,"column":26},"end":{"line":73,"column":27}},"loc":{"start":{"line":73,"column":33},"end":{"line":73,"column":50}},"line":73},"8":{"name":"(anonymous_8)","decl":{"start":{"line":83,"column":2},"end":{"line":83,"column":3}},"loc":{"start":{"line":83,"column":56},"end":{"line":105,"column":3}},"line":83},"9":{"name":"(anonymous_9)","decl":{"start":{"line":89,"column":42},"end":{"line":89,"column":43}},"loc":{"start":{"line":89,"column":49},"end":{"line":89,"column":79}},"line":89},"10":{"name":"(anonymous_10)","decl":{"start":{"line":110,"column":2},"end":{"line":110,"column":3}},"loc":{"start":{"line":110,"column":87},"end":{"line":131,"column":3}},"line":110},"11":{"name":"(anonymous_11)","decl":{"start":{"line":113,"column":38},"end":{"line":113,"column":39}},"loc":{"start":{"line":113,"column":45},"end":{"line":113,"column":62}},"line":113},"12":{"name":"(anonymous_12)","decl":{"start":{"line":137,"column":2},"end":{"line":137,"column":3}},"loc":{"start":{"line":137,"column":61},"end":{"line":167,"column":3}},"line":137},"13":{"name":"(anonymous_13)","decl":{"start":{"line":140,"column":42},"end":{"line":140,"column":43}},"loc":{"start":{"line":140,"column":49},"end":{"line":140,"column":66}},"line":140},"14":{"name":"(anonymous_14)","decl":{"start":{"line":152,"column":44},"end":{"line":152,"column":45}},"loc":{"start":{"line":152,"column":51},"end":{"line":152,"column":78}},"line":152},"15":{"name":"(anonymous_15)","decl":{"start":{"line":156,"column":49},"end":{"line":156,"column":50}},"loc":{"start":{"line":156,"column":56},"end":{"line":156,"column":94}},"line":156},"16":{"name":"(anonymous_16)","decl":{"start":{"line":158,"column":71},"end":{"line":158,"column":72}},"loc":{"start":{"line":158,"column":79},"end":{"line":158,"column":94}},"line":158},"17":{"name":"(anonymous_17)","decl":{"start":{"line":172,"column":2},"end":{"line":172,"column":3}},"loc":{"start":{"line":172,"column":89},"end":{"line":219,"column":3}},"line":172},"18":{"name":"(anonymous_18)","decl":{"start":{"line":175,"column":40},"end":{"line":175,"column":41}},"loc":{"start":{"line":175,"column":47},"end":{"line":175,"column":64}},"line":175},"19":{"name":"(anonymous_19)","decl":{"start":{"line":193,"column":39},"end":{"line":193,"column":40}},"loc":{"start":{"line":193,"column":46},"end":{"line":193,"column":66}},"line":193},"20":{"name":"(anonymous_20)","decl":{"start":{"line":195,"column":65},"end":{"line":195,"column":66}},"loc":{"start":{"line":195,"column":73},"end":{"line":195,"column":88}},"line":195},"21":{"name":"(anonymous_21)","decl":{"start":{"line":201,"column":39},"end":{"line":201,"column":40}},"loc":{"start":{"line":201,"column":46},"end":{"line":201,"column":66}},"line":201},"22":{"name":"(anonymous_22)","decl":{"start":{"line":224,"column":2},"end":{"line":224,"column":3}},"loc":{"start":{"line":224,"column":82},"end":{"line":248,"column":3}},"line":224},"23":{"name":"(anonymous_23)","decl":{"start":{"line":227,"column":34},"end":{"line":227,"column":35}},"loc":{"start":{"line":227,"column":41},"end":{"line":227,"column":58}},"line":227},"24":{"name":"(anonymous_24)","decl":{"start":{"line":234,"column":39},"end":{"line":234,"column":40}},"loc":{"start":{"line":234,"column":46},"end":{"line":234,"column":62}},"line":234},"25":{"name":"(anonymous_25)","decl":{"start":{"line":253,"column":2},"end":{"line":253,"column":3}},"loc":{"start":{"line":253,"column":85},"end":{"line":270,"column":3}},"line":253},"26":{"name":"(anonymous_26)","decl":{"start":{"line":256,"column":34},"end":{"line":256,"column":35}},"loc":{"start":{"line":256,"column":41},"end":{"line":256,"column":58}},"line":256},"27":{"name":"(anonymous_27)","decl":{"start":{"line":262,"column":41},"end":{"line":262,"column":42}},"loc":{"start":{"line":262,"column":48},"end":{"line":262,"column":63}},"line":262},"28":{"name":"(anonymous_28)","decl":{"start":{"line":275,"column":2},"end":{"line":275,"column":3}},"loc":{"start":{"line":275,"column":51},"end":{"line":283,"column":3}},"line":275},"29":{"name":"(anonymous_29)","decl":{"start":{"line":278,"column":28},"end":{"line":278,"column":29}},"loc":{"start":{"line":278,"column":35},"end":{"line":278,"column":52}},"line":278},"30":{"name":"(anonymous_30)","decl":{"start":{"line":288,"column":2},"end":{"line":288,"column":3}},"loc":{"start":{"line":288,"column":66},"end":{"line":296,"column":3}},"line":288},"31":{"name":"(anonymous_31)","decl":{"start":{"line":291,"column":28},"end":{"line":291,"column":29}},"loc":{"start":{"line":291,"column":35},"end":{"line":291,"column":64}},"line":291},"32":{"name":"(anonymous_32)","decl":{"start":{"line":301,"column":2},"end":{"line":301,"column":3}},"loc":{"start":{"line":304,"column":19},"end":{"line":321,"column":3}},"line":304},"33":{"name":"(anonymous_33)","decl":{"start":{"line":307,"column":34},"end":{"line":307,"column":35}},"loc":{"start":{"line":307,"column":41},"end":{"line":307,"column":58}},"line":307},"34":{"name":"(anonymous_34)","decl":{"start":{"line":326,"column":2},"end":{"line":326,"column":3}},"loc":{"start":{"line":326,"column":41},"end":{"line":333,"column":3}},"line":326},"35":{"name":"(anonymous_35)","decl":{"start":{"line":338,"column":2},"end":{"line":338,"column":3}},"loc":{"start":{"line":338,"column":87},"end":{"line":350,"column":3}},"line":338},"36":{"name":"(anonymous_36)","decl":{"start":{"line":339,"column":32},"end":{"line":339,"column":33}},"loc":{"start":{"line":339,"column":39},"end":{"line":339,"column":56}},"line":339},"37":{"name":"(anonymous_37)","decl":{"start":{"line":355,"column":2},"end":{"line":355,"column":3}},"loc":{"start":{"line":355,"column":66},"end":{"line":374,"column":3}},"line":355},"38":{"name":"(anonymous_38)","decl":{"start":{"line":362,"column":36},"end":{"line":362,"column":37}},"loc":{"start":{"line":362,"column":43},"end":{"line":362,"column":61}},"line":362}},"branchMap":{"0":{"loc":{"start":{"line":40,"column":6},"end":{"line":42,"column":7}},"type":"if","locations":[{"start":{"line":40,"column":6},"end":{"line":42,"column":7}},{"start":{},"end":{}}],"line":40},"1":{"loc":{"start":{"line":46,"column":6},"end":{"line":49,"column":7}},"type":"if","locations":[{"start":{"line":46,"column":6},"end":{"line":49,"column":7}},{"start":{},"end":{}}],"line":46},"2":{"loc":{"start":{"line":73,"column":13},"end":{"line":73,"column":59}},"type":"binary-expr","locations":[{"start":{"line":73,"column":13},"end":{"line":73,"column":51}},{"start":{"line":73,"column":55},"end":{"line":73,"column":59}}],"line":73},"3":{"loc":{"start":{"line":88,"column":6},"end":{"line":97,"column":7}},"type":"if","locations":[{"start":{"line":88,"column":6},"end":{"line":97,"column":7}},{"start":{},"end":{}}],"line":88},"4":{"loc":{"start":{"line":90,"column":8},"end":{"line":96,"column":9}},"type":"if","locations":[{"start":{"line":90,"column":8},"end":{"line":96,"column":9}},{"start":{"line":94,"column":15},"end":{"line":96,"column":9}}],"line":90},"5":{"loc":{"start":{"line":91,"column":10},"end":{"line":93,"column":11}},"type":"if","locations":[{"start":{"line":91,"column":10},"end":{"line":93,"column":11}},{"start":{},"end":{}}],"line":91},"6":{"loc":{"start":{"line":115,"column":6},"end":{"line":117,"column":7}},"type":"if","locations":[{"start":{"line":115,"column":6},"end":{"line":117,"column":7}},{"start":{},"end":{}}],"line":115},"7":{"loc":{"start":{"line":142,"column":6},"end":{"line":145,"column":7}},"type":"if","locations":[{"start":{"line":142,"column":6},"end":{"line":145,"column":7}},{"start":{},"end":{}}],"line":142},"8":{"loc":{"start":{"line":155,"column":6},"end":{"line":160,"column":7}},"type":"if","locations":[{"start":{"line":155,"column":6},"end":{"line":160,"column":7}},{"start":{},"end":{}}],"line":155},"9":{"loc":{"start":{"line":157,"column":8},"end":{"line":159,"column":9}},"type":"if","locations":[{"start":{"line":157,"column":8},"end":{"line":159,"column":9}},{"start":{},"end":{}}],"line":157},"10":{"loc":{"start":{"line":177,"column":6},"end":{"line":179,"column":7}},"type":"if","locations":[{"start":{"line":177,"column":6},"end":{"line":179,"column":7}},{"start":{},"end":{}}],"line":177},"11":{"loc":{"start":{"line":182,"column":6},"end":{"line":187,"column":7}},"type":"if","locations":[{"start":{"line":182,"column":6},"end":{"line":187,"column":7}},{"start":{},"end":{}}],"line":182},"12":{"loc":{"start":{"line":184,"column":8},"end":{"line":186,"column":9}},"type":"if","locations":[{"start":{"line":184,"column":8},"end":{"line":186,"column":9}},{"start":{},"end":{}}],"line":184},"13":{"loc":{"start":{"line":184,"column":12},"end":{"line":184,"column":75}},"type":"binary-expr","locations":[{"start":{"line":184,"column":12},"end":{"line":184,"column":36}},{"start":{"line":184,"column":40},"end":{"line":184,"column":75}}],"line":184},"14":{"loc":{"start":{"line":192,"column":6},"end":{"line":197,"column":7}},"type":"if","locations":[{"start":{"line":192,"column":6},"end":{"line":197,"column":7}},{"start":{},"end":{}}],"line":192},"15":{"loc":{"start":{"line":194,"column":8},"end":{"line":196,"column":9}},"type":"if","locations":[{"start":{"line":194,"column":8},"end":{"line":196,"column":9}},{"start":{},"end":{}}],"line":194},"16":{"loc":{"start":{"line":200,"column":6},"end":{"line":208,"column":7}},"type":"if","locations":[{"start":{"line":200,"column":6},"end":{"line":208,"column":7}},{"start":{},"end":{}}],"line":200},"17":{"loc":{"start":{"line":202,"column":8},"end":{"line":204,"column":9}},"type":"if","locations":[{"start":{"line":202,"column":8},"end":{"line":204,"column":9}},{"start":{},"end":{}}],"line":202},"18":{"loc":{"start":{"line":205,"column":8},"end":{"line":207,"column":9}},"type":"if","locations":[{"start":{"line":205,"column":8},"end":{"line":207,"column":9}},{"start":{},"end":{}}],"line":205},"19":{"loc":{"start":{"line":229,"column":6},"end":{"line":231,"column":7}},"type":"if","locations":[{"start":{"line":229,"column":6},"end":{"line":231,"column":7}},{"start":{},"end":{}}],"line":229},"20":{"loc":{"start":{"line":235,"column":6},"end":{"line":238,"column":7}},"type":"if","locations":[{"start":{"line":235,"column":6},"end":{"line":238,"column":7}},{"start":{},"end":{}}],"line":235},"21":{"loc":{"start":{"line":258,"column":6},"end":{"line":260,"column":7}},"type":"if","locations":[{"start":{"line":258,"column":6},"end":{"line":260,"column":7}},{"start":{},"end":{}}],"line":258},"22":{"loc":{"start":{"line":309,"column":6},"end":{"line":311,"column":7}},"type":"if","locations":[{"start":{"line":309,"column":6},"end":{"line":311,"column":7}},{"start":{},"end":{}}],"line":309},"23":{"loc":{"start":{"line":340,"column":4},"end":{"line":340,"column":27}},"type":"if","locations":[{"start":{"line":340,"column":4},"end":{"line":340,"column":27}},{"start":{},"end":{}}],"line":340},"24":{"loc":{"start":{"line":363,"column":8},"end":{"line":363,"column":27}},"type":"if","locations":[{"start":{"line":363,"column":8},"end":{"line":363,"column":27}},{"start":{},"end":{}}],"line":363}},"s":{"0":4,"1":4,"2":8,"3":0,"4":4,"5":0,"6":0,"7":9,"8":9,"9":9,"10":1,"11":8,"12":8,"13":0,"14":0,"15":8,"16":17,"17":0,"18":0,"19":0,"20":0,"21":0,"22":0,"23":0,"24":0,"25":0,"26":1,"27":1,"28":1,"29":1,"30":1,"31":1,"32":1,"33":1,"34":0,"35":1,"36":1,"37":0,"38":0,"39":0,"40":0,"41":0,"42":0,"43":0,"44":0,"45":0,"46":0,"47":0,"48":0,"49":1,"50":1,"51":1,"52":2,"53":1,"54":0,"55":0,"56":1,"57":1,"58":1,"59":3,"60":1,"61":1,"62":1,"63":1,"64":1,"65":1,"66":1,"67":0,"68":0,"69":3,"70":3,"71":3,"72":4,"73":3,"74":0,"75":3,"76":3,"77":3,"78":2,"79":1,"80":1,"81":1,"82":1,"83":1,"84":1,"85":0,"86":1,"87":1,"88":3,"89":1,"90":0,"91":1,"92":1,"93":1,"94":1,"95":1,"96":2,"97":2,"98":0,"99":0,"100":0,"101":0,"102":0,"103":0,"104":0,"105":0,"106":0,"107":0,"108":0,"109":0,"110":0,"111":0,"112":0,"113":0,"114":0,"115":0,"116":0,"117":0,"118":0,"119":0,"120":0,"121":0,"122":0,"123":0,"124":0,"125":0,"126":1,"127":1,"128":1,"129":2,"130":0,"131":0,"132":0,"133":0,"134":0,"135":0,"136":0,"137":0,"138":0,"139":0,"140":0,"141":0,"142":0,"143":0,"144":0,"145":0,"146":0,"147":0,"148":0,"149":0,"150":0,"151":0,"152":0,"153":6,"154":11,"155":6,"156":0,"157":6,"158":6,"159":2,"160":2,"161":6,"162":1,"163":1,"164":1,"165":1,"166":1,"167":3,"168":6,"169":3,"170":0,"171":3,"172":3,"173":1,"174":0,"175":0},"f":{"0":4,"1":8,"2":0,"3":9,"4":17,"5":0,"6":0,"7":0,"8":1,"9":1,"10":0,"11":0,"12":1,"13":2,"14":3,"15":1,"16":1,"17":3,"18":4,"19":1,"20":0,"21":3,"22":0,"23":0,"24":0,"25":0,"26":0,"27":0,"28":1,"29":2,"30":0,"31":0,"32":0,"33":0,"34":0,"35":6,"36":11,"37":1,"38":6},"b":{"0":[1,8],"1":[0,8],"2":[0,0],"3":[1,0],"4":[1,0],"5":[1,0],"6":[0,0],"7":[0,1],"8":[1,0],"9":[1,0],"10":[0,3],"11":[3,0],"12":[2,1],"13":[3,2],"14":[1,0],"15":[1,0],"16":[1,0],"17":[0,1],"18":[1,0],"19":[0,0],"20":[0,0],"21":[0,0],"22":[0,0],"23":[0,6],"24":[0,3]},"_coverageSchema":"1a1c01bbd47fc00a2c39e90264f33305004495a9","hash":"bdcf4b01b8e7bfe9e788130fede9451633095ac7"}
,"/Users/gedeonrony/Desktop/coding/podcut/mobile/services/migrationService.ts": {"path":"/Users/gedeonrony/Desktop/coding/podcut/mobile/services/migrationService.ts","statementMap":{"0":{"start":{"line":15,"column":4},"end":{"line":23,"column":5}},"1":{"start":{"line":16,"column":35},"end":{"line":16,"column":90}},"2":{"start":{"line":17,"column":29},"end":{"line":17,"column":90}},"3":{"start":{"line":19,"column":6},"end":{"line":19,"column":45}},"4":{"start":{"line":21,"column":6},"end":{"line":21,"column":82}},"5":{"start":{"line":22,"column":6},"end":{"line":22,"column":19}},"6":{"start":{"line":30,"column":4},"end":{"line":36,"column":5}},"7":{"start":{"line":31,"column":28},"end":{"line":31,"column":83}},"8":{"start":{"line":32,"column":6},"end":{"line":32,"column":61}},"9":{"start":{"line":34,"column":6},"end":{"line":34,"column":80}},"10":{"start":{"line":35,"column":6},"end":{"line":35,"column":15}},"11":{"start":{"line":43,"column":4},"end":{"line":48,"column":5}},"12":{"start":{"line":44,"column":6},"end":{"line":44,"column":82}},"13":{"start":{"line":46,"column":6},"end":{"line":46,"column":80}},"14":{"start":{"line":47,"column":6},"end":{"line":47,"column":18}},"15":{"start":{"line":60,"column":4},"end":{"line":118,"column":5}},"16":{"start":{"line":61,"column":6},"end":{"line":61,"column":69}},"17":{"start":{"line":64,"column":29},"end":{"line":64,"column":80}},"18":{"start":{"line":66,"column":6},"end":{"line":69,"column":7}},"19":{"start":{"line":67,"column":8},"end":{"line":67,"column":83}},"20":{"start":{"line":68,"column":8},"end":{"line":68,"column":15}},"21":{"start":{"line":72,"column":43},"end":{"line":72,"column":69}},"22":{"start":{"line":74,"column":6},"end":{"line":77,"column":7}},"23":{"start":{"line":75,"column":8},"end":{"line":75,"column":64}},"24":{"start":{"line":76,"column":8},"end":{"line":76,"column":15}},"25":{"start":{"line":79,"column":6},"end":{"line":79,"column":86}},"26":{"start":{"line":82,"column":42},"end":{"line":100,"column":9}},"27":{"start":{"line":82,"column":73},"end":{"line":100,"column":7}},"28":{"start":{"line":103,"column":32},"end":{"line":106,"column":9}},"29":{"start":{"line":103,"column":60},"end":{"line":106,"column":7}},"30":{"start":{"line":109,"column":6},"end":{"line":109,"column":93}},"31":{"start":{"line":111,"column":6},"end":{"line":111,"column":91}},"32":{"start":{"line":116,"column":6},"end":{"line":116,"column":74}},"33":{"start":{"line":117,"column":6},"end":{"line":117,"column":103}},"34":{"start":{"line":131,"column":19},"end":{"line":136,"column":5}},"35":{"start":{"line":138,"column":4},"end":{"line":212,"column":5}},"36":{"start":{"line":139,"column":29},"end":{"line":139,"column":80}},"37":{"start":{"line":141,"column":6},"end":{"line":143,"column":7}},"38":{"start":{"line":142,"column":8},"end":{"line":142,"column":22}},"39":{"start":{"line":145,"column":43},"end":{"line":145,"column":69}},"40":{"start":{"line":147,"column":6},"end":{"line":151,"column":7}},"41":{"start":{"line":148,"column":8},"end":{"line":148,"column":31}},"42":{"start":{"line":149,"column":8},"end":{"line":149,"column":63}},"43":{"start":{"line":150,"column":8},"end":{"line":150,"column":22}},"44":{"start":{"line":153,"column":42},"end":{"line":153,"column":44}},"45":{"start":{"line":155,"column":6},"end":{"line":192,"column":7}},"46":{"start":{"line":156,"column":8},"end":{"line":191,"column":9}},"47":{"start":{"line":158,"column":10},"end":{"line":162,"column":11}},"48":{"start":{"line":159,"column":12},"end":{"line":159,"column":33}},"49":{"start":{"line":160,"column":12},"end":{"line":160,"column":96}},"50":{"start":{"line":161,"column":12},"end":{"line":161,"column":21}},"51":{"start":{"line":164,"column":43},"end":{"line":182,"column":11}},"52":{"start":{"line":184,"column":10},"end":{"line":184,"column":37}},"53":{"start":{"line":185,"column":10},"end":{"line":185,"column":33}},"54":{"start":{"line":187,"column":10},"end":{"line":187,"column":31}},"55":{"start":{"line":188,"column":10},"end":{"line":190,"column":12}},"56":{"start":{"line":195,"column":6},"end":{"line":202,"column":7}},"57":{"start":{"line":196,"column":34},"end":{"line":199,"column":11}},"58":{"start":{"line":196,"column":62},"end":{"line":199,"column":9}},"59":{"start":{"line":201,"column":8},"end":{"line":201,"column":95}},"60":{"start":{"line":204,"column":6},"end":{"line":204,"column":48}},"61":{"start":{"line":205,"column":6},"end":{"line":205,"column":20}},"62":{"start":{"line":207,"column":6},"end":{"line":207,"column":29}},"63":{"start":{"line":208,"column":6},"end":{"line":210,"column":8}},"64":{"start":{"line":211,"column":6},"end":{"line":211,"column":20}},"65":{"start":{"line":219,"column":4},"end":{"line":248,"column":5}},"66":{"start":{"line":220,"column":29},"end":{"line":220,"column":59}},"67":{"start":{"line":222,"column":6},"end":{"line":222,"column":82}},"68":{"start":{"line":223,"column":6},"end":{"line":223,"column":81}},"69":{"start":{"line":225,"column":6},"end":{"line":228,"column":7}},"70":{"start":{"line":226,"column":8},"end":{"line":226,"column":62}},"71":{"start":{"line":227,"column":8},"end":{"line":227,"column":15}},"72":{"start":{"line":231,"column":6},"end":{"line":234,"column":7}},"73":{"start":{"line":232,"column":8},"end":{"line":232,"column":69}},"74":{"start":{"line":233,"column":8},"end":{"line":233,"column":50}},"75":{"start":{"line":242,"column":6},"end":{"line":242,"column":53}},"76":{"start":{"line":244,"column":6},"end":{"line":244,"column":59}},"77":{"start":{"line":246,"column":6},"end":{"line":246,"column":67}},"78":{"start":{"line":247,"column":6},"end":{"line":247,"column":18}},"79":{"start":{"line":255,"column":4},"end":{"line":261,"column":5}},"80":{"start":{"line":256,"column":6},"end":{"line":256,"column":65}},"81":{"start":{"line":257,"column":6},"end":{"line":257,"column":63}},"82":{"start":{"line":259,"column":6},"end":{"line":259,"column":76}},"83":{"start":{"line":260,"column":6},"end":{"line":260,"column":18}}},"fnMap":{"0":{"name":"(anonymous_0)","decl":{"start":{"line":14,"column":2},"end":{"line":14,"column":3}},"loc":{"start":{"line":14,"column":50},"end":{"line":24,"column":3}},"line":14},"1":{"name":"(anonymous_1)","decl":{"start":{"line":29,"column":2},"end":{"line":29,"column":3}},"loc":{"start":{"line":29,"column":52},"end":{"line":37,"column":3}},"line":29},"2":{"name":"(anonymous_2)","decl":{"start":{"line":42,"column":2},"end":{"line":42,"column":3}},"loc":{"start":{"line":42,"column":67},"end":{"line":49,"column":3}},"line":42},"3":{"name":"(anonymous_3)","decl":{"start":{"line":59,"column":2},"end":{"line":59,"column":3}},"loc":{"start":{"line":59,"column":61},"end":{"line":119,"column":3}},"line":59},"4":{"name":"(anonymous_4)","decl":{"start":{"line":82,"column":57},"end":{"line":82,"column":58}},"loc":{"start":{"line":82,"column":73},"end":{"line":100,"column":7}},"line":82},"5":{"name":"(anonymous_5)","decl":{"start":{"line":103,"column":47},"end":{"line":103,"column":48}},"loc":{"start":{"line":103,"column":60},"end":{"line":106,"column":7}},"line":103},"6":{"name":"(anonymous_6)","decl":{"start":{"line":125,"column":2},"end":{"line":125,"column":3}},"loc":{"start":{"line":130,"column":5},"end":{"line":213,"column":3}},"line":130},"7":{"name":"(anonymous_7)","decl":{"start":{"line":196,"column":49},"end":{"line":196,"column":50}},"loc":{"start":{"line":196,"column":62},"end":{"line":199,"column":9}},"line":196},"8":{"name":"(anonymous_8)","decl":{"start":{"line":218,"column":2},"end":{"line":218,"column":3}},"loc":{"start":{"line":218,"column":46},"end":{"line":249,"column":3}},"line":218},"9":{"name":"(anonymous_9)","decl":{"start":{"line":254,"column":2},"end":{"line":254,"column":3}},"loc":{"start":{"line":254,"column":47},"end":{"line":262,"column":3}},"line":254}},"branchMap":{"0":{"loc":{"start":{"line":17,"column":29},"end":{"line":17,"column":90}},"type":"cond-expr","locations":[{"start":{"line":17,"column":52},"end":{"line":17,"column":86}},{"start":{"line":17,"column":89},"end":{"line":17,"column":90}}],"line":17},"1":{"loc":{"start":{"line":32,"column":13},"end":{"line":32,"column":60}},"type":"cond-expr","locations":[{"start":{"line":32,"column":29},"end":{"line":32,"column":56}},{"start":{"line":32,"column":59},"end":{"line":32,"column":60}}],"line":32},"2":{"loc":{"start":{"line":66,"column":6},"end":{"line":69,"column":7}},"type":"if","locations":[{"start":{"line":66,"column":6},"end":{"line":69,"column":7}},{"start":{},"end":{}}],"line":66},"3":{"loc":{"start":{"line":74,"column":6},"end":{"line":77,"column":7}},"type":"if","locations":[{"start":{"line":74,"column":6},"end":{"line":77,"column":7}},{"start":{},"end":{}}],"line":74},"4":{"loc":{"start":{"line":74,"column":10},"end":{"line":74,"column":63}},"type":"binary-expr","locations":[{"start":{"line":74,"column":10},"end":{"line":74,"column":36}},{"start":{"line":74,"column":40},"end":{"line":74,"column":63}}],"line":74},"5":{"loc":{"start":{"line":92,"column":10},"end":{"line":94,"column":33}},"type":"cond-expr","locations":[{"start":{"line":93,"column":14},"end":{"line":93,"column":43}},{"start":{"line":94,"column":14},"end":{"line":94,"column":33}}],"line":92},"6":{"loc":{"start":{"line":96,"column":17},"end":{"line":96,"column":51}},"type":"binary-expr","locations":[{"start":{"line":96,"column":17},"end":{"line":96,"column":32}},{"start":{"line":96,"column":36},"end":{"line":96,"column":51}}],"line":96},"7":{"loc":{"start":{"line":117,"column":43},"end":{"line":117,"column":99}},"type":"cond-expr","locations":[{"start":{"line":117,"column":68},"end":{"line":117,"column":81}},{"start":{"line":117,"column":84},"end":{"line":117,"column":99}}],"line":117},"8":{"loc":{"start":{"line":141,"column":6},"end":{"line":143,"column":7}},"type":"if","locations":[{"start":{"line":141,"column":6},"end":{"line":143,"column":7}},{"start":{},"end":{}}],"line":141},"9":{"loc":{"start":{"line":147,"column":6},"end":{"line":151,"column":7}},"type":"if","locations":[{"start":{"line":147,"column":6},"end":{"line":151,"column":7}},{"start":{},"end":{}}],"line":147},"10":{"loc":{"start":{"line":158,"column":10},"end":{"line":162,"column":11}},"type":"if","locations":[{"start":{"line":158,"column":10},"end":{"line":162,"column":11}},{"start":{},"end":{}}],"line":158},"11":{"loc":{"start":{"line":158,"column":14},"end":{"line":158,"column":86}},"type":"binary-expr","locations":[{"start":{"line":158,"column":14},"end":{"line":158,"column":27}},{"start":{"line":158,"column":31},"end":{"line":158,"column":49}},{"start":{"line":158,"column":53},"end":{"line":158,"column":86}}],"line":158},"12":{"loc":{"start":{"line":169,"column":22},"end":{"line":169,"column":46}},"type":"binary-expr","locations":[{"start":{"line":169,"column":22},"end":{"line":169,"column":40}},{"start":{"line":169,"column":44},"end":{"line":169,"column":46}}],"line":169},"13":{"loc":{"start":{"line":170,"column":19},"end":{"line":170,"column":55}},"type":"binary-expr","locations":[{"start":{"line":170,"column":19},"end":{"line":170,"column":34}},{"start":{"line":170,"column":38},"end":{"line":170,"column":55}}],"line":170},"14":{"loc":{"start":{"line":174,"column":14},"end":{"line":176,"column":51}},"type":"cond-expr","locations":[{"start":{"line":175,"column":18},"end":{"line":175,"column":47}},{"start":{"line":176,"column":18},"end":{"line":176,"column":51}}],"line":174},"15":{"loc":{"start":{"line":176,"column":18},"end":{"line":176,"column":51}},"type":"binary-expr","locations":[{"start":{"line":176,"column":18},"end":{"line":176,"column":37}},{"start":{"line":176,"column":41},"end":{"line":176,"column":51}}],"line":176},"16":{"loc":{"start":{"line":178,"column":21},"end":{"line":178,"column":55}},"type":"binary-expr","locations":[{"start":{"line":178,"column":21},"end":{"line":178,"column":36}},{"start":{"line":178,"column":40},"end":{"line":178,"column":55}}],"line":178},"17":{"loc":{"start":{"line":189,"column":57},"end":{"line":189,"column":113}},"type":"cond-expr","locations":[{"start":{"line":189,"column":82},"end":{"line":189,"column":95}},{"start":{"line":189,"column":98},"end":{"line":189,"column":113}}],"line":189},"18":{"loc":{"start":{"line":195,"column":6},"end":{"line":202,"column":7}},"type":"if","locations":[{"start":{"line":195,"column":6},"end":{"line":202,"column":7}},{"start":{},"end":{}}],"line":195},"19":{"loc":{"start":{"line":209,"column":29},"end":{"line":209,"column":85}},"type":"cond-expr","locations":[{"start":{"line":209,"column":54},"end":{"line":209,"column":67}},{"start":{"line":209,"column":70},"end":{"line":209,"column":85}}],"line":209},"20":{"loc":{"start":{"line":225,"column":6},"end":{"line":228,"column":7}},"type":"if","locations":[{"start":{"line":225,"column":6},"end":{"line":228,"column":7}},{"start":{},"end":{}}],"line":225},"21":{"loc":{"start":{"line":231,"column":6},"end":{"line":234,"column":7}},"type":"if","locations":[{"start":{"line":231,"column":6},"end":{"line":234,"column":7}},{"start":{},"end":{}}],"line":231}},"s":{"0":3,"1":3,"2":3,"3":3,"4":0,"5":0,"6":4,"7":4,"8":4,"9":0,"10":0,"11":2,"12":2,"13":0,"14":0,"15":5,"16":5,"17":5,"18":5,"19":1,"20":1,"21":4,"22":3,"23":1,"24":1,"25":2,"26":2,"27":2,"28":2,"29":2,"30":2,"31":2,"32":1,"33":1,"34":2,"35":2,"36":2,"37":2,"38":0,"39":2,"40":2,"41":0,"42":0,"43":0,"44":2,"45":2,"46":3,"47":3,"48":1,"49":1,"50":1,"51":2,"52":2,"53":2,"54":0,"55":0,"56":2,"57":2,"58":2,"59":2,"60":2,"61":2,"62":0,"63":0,"64":0,"65":2,"66":2,"67":2,"68":2,"69":2,"70":1,"71":1,"72":1,"73":1,"74":1,"75":1,"76":1,"77":0,"78":0,"79":0,"80":0,"81":0,"82":0,"83":0},"f":{"0":3,"1":4,"2":2,"3":5,"4":2,"5":2,"6":2,"7":2,"8":2,"9":0},"b":{"0":[2,1],"1":[3,1],"2":[1,4],"3":[1,2],"4":[3,3],"5":[2,0],"6":[2,0],"7":[1,0],"8":[0,2],"9":[0,2],"10":[1,2],"11":[3,2,2],"12":[2,0],"13":[2,0],"14":[2,0],"15":[0,0],"16":[2,0],"17":[0,0],"18":[2,0],"19":[0,0],"20":[1,1],"21":[1,0]},"_coverageSchema":"1a1c01bbd47fc00a2c39e90264f33305004495a9","hash":"3da40ca2340306b618dcfff158e8e6656937a66f"}
,"/Users/gedeonrony/Desktop/coding/podcut/mobile/services/momentStorage.ts": {"path":"/Users/gedeonrony/Desktop/coding/podcut/mobile/services/momentStorage.ts","statementMap":{"0":{"start":{"line":16,"column":4},"end":{"line":28,"column":5}},"1":{"start":{"line":17,"column":32},"end":{"line":21,"column":9}},"2":{"start":{"line":17,"column":57},"end":{"line":21,"column":7}},"3":{"start":{"line":23,"column":6},"end":{"line":23,"column":93}},"4":{"start":{"line":24,"column":6},"end":{"line":24,"column":89}},"5":{"start":{"line":26,"column":6},"end":{"line":26,"column":68}},"6":{"start":{"line":27,"column":6},"end":{"line":27,"column":48}},"7":{"start":{"line":36,"column":4},"end":{"line":71,"column":5}},"8":{"start":{"line":37,"column":26},"end":{"line":37,"column":77}},"9":{"start":{"line":39,"column":6},"end":{"line":41,"column":7}},"10":{"start":{"line":40,"column":8},"end":{"line":40,"column":18}},"11":{"start":{"line":43,"column":28},"end":{"line":43,"column":51}},"12":{"start":{"line":45,"column":6},"end":{"line":48,"column":7}},"13":{"start":{"line":46,"column":8},"end":{"line":46,"column":70}},"14":{"start":{"line":47,"column":8},"end":{"line":47,"column":18}},"15":{"start":{"line":51,"column":6},"end":{"line":67,"column":9}},"16":{"start":{"line":52,"column":27},"end":{"line":56,"column":9}},"17":{"start":{"line":59,"column":8},"end":{"line":66,"column":9}},"18":{"start":{"line":60,"column":10},"end":{"line":60,"column":45}},"19":{"start":{"line":61,"column":15},"end":{"line":66,"column":9}},"20":{"start":{"line":62,"column":10},"end":{"line":62,"column":53}},"21":{"start":{"line":64,"column":10},"end":{"line":64,"column":78}},"22":{"start":{"line":65,"column":10},"end":{"line":65,"column":38}},"23":{"start":{"line":69,"column":6},"end":{"line":69,"column":69}},"24":{"start":{"line":70,"column":6},"end":{"line":70,"column":16}},"25":{"start":{"line":78,"column":4},"end":{"line":84,"column":5}},"26":{"start":{"line":79,"column":22},"end":{"line":79,"column":46}},"27":{"start":{"line":80,"column":6},"end":{"line":80,"column":54}},"28":{"start":{"line":80,"column":33},"end":{"line":80,"column":44}},"29":{"start":{"line":82,"column":6},"end":{"line":82,"column":74}},"30":{"start":{"line":83,"column":6},"end":{"line":83,"column":18}},"31":{"start":{"line":91,"column":4},"end":{"line":98,"column":5}},"32":{"start":{"line":92,"column":22},"end":{"line":92,"column":46}},"33":{"start":{"line":93,"column":6},"end":{"line":93,"column":27}},"34":{"start":{"line":94,"column":6},"end":{"line":94,"column":38}},"35":{"start":{"line":96,"column":6},"end":{"line":96,"column":67}},"36":{"start":{"line":97,"column":6},"end":{"line":97,"column":46}},"37":{"start":{"line":106,"column":4},"end":{"line":126,"column":5}},"38":{"start":{"line":107,"column":22},"end":{"line":107,"column":46}},"39":{"start":{"line":108,"column":20},"end":{"line":108,"column":57}},"40":{"start":{"line":108,"column":45},"end":{"line":108,"column":56}},"41":{"start":{"line":110,"column":6},"end":{"line":112,"column":7}},"42":{"start":{"line":111,"column":8},"end":{"line":111,"column":58}},"43":{"start":{"line":115,"column":6},"end":{"line":120,"column":8}},"44":{"start":{"line":122,"column":6},"end":{"line":122,"column":38}},"45":{"start":{"line":124,"column":6},"end":{"line":124,"column":69}},"46":{"start":{"line":125,"column":6},"end":{"line":125,"column":49}},"47":{"start":{"line":134,"column":4},"end":{"line":161,"column":5}},"48":{"start":{"line":135,"column":22},"end":{"line":135,"column":46}},"49":{"start":{"line":136,"column":29},"end":{"line":136,"column":61}},"50":{"start":{"line":136,"column":49},"end":{"line":136,"column":60}},"51":{"start":{"line":138,"column":6},"end":{"line":141,"column":7}},"52":{"start":{"line":139,"column":8},"end":{"line":139,"column":82}},"53":{"start":{"line":140,"column":8},"end":{"line":140,"column":15}},"54":{"start":{"line":144,"column":6},"end":{"line":153,"column":7}},"55":{"start":{"line":150,"column":8},"end":{"line":152,"column":10}},"56":{"start":{"line":156,"column":29},"end":{"line":156,"column":63}},"57":{"start":{"line":156,"column":51},"end":{"line":156,"column":62}},"58":{"start":{"line":157,"column":6},"end":{"line":157,"column":45}},"59":{"start":{"line":159,"column":6},"end":{"line":159,"column":69}},"60":{"start":{"line":160,"column":6},"end":{"line":160,"column":49}},"61":{"start":{"line":168,"column":4},"end":{"line":174,"column":5}},"62":{"start":{"line":169,"column":22},"end":{"line":169,"column":46}},"63":{"start":{"line":170,"column":6},"end":{"line":170,"column":52}},"64":{"start":{"line":170,"column":35},"end":{"line":170,"column":50}},"65":{"start":{"line":172,"column":6},"end":{"line":172,"column":79}},"66":{"start":{"line":173,"column":6},"end":{"line":173,"column":16}},"67":{"start":{"line":181,"column":4},"end":{"line":187,"column":5}},"68":{"start":{"line":182,"column":22},"end":{"line":182,"column":46}},"69":{"start":{"line":183,"column":6},"end":{"line":183,"column":67}},"70":{"start":{"line":183,"column":35},"end":{"line":183,"column":65}},"71":{"start":{"line":185,"column":6},"end":{"line":185,"column":78}},"72":{"start":{"line":186,"column":6},"end":{"line":186,"column":16}},"73":{"start":{"line":194,"column":4},"end":{"line":202,"column":5}},"74":{"start":{"line":195,"column":22},"end":{"line":195,"column":46}},"75":{"start":{"line":196,"column":6},"end":{"line":198,"column":27}},"76":{"start":{"line":197,"column":15},"end":{"line":197,"column":70}},"77":{"start":{"line":200,"column":6},"end":{"line":200,"column":79}},"78":{"start":{"line":201,"column":6},"end":{"line":201,"column":16}},"79":{"start":{"line":209,"column":4},"end":{"line":221,"column":5}},"80":{"start":{"line":210,"column":22},"end":{"line":210,"column":46}},"81":{"start":{"line":211,"column":25},"end":{"line":211,"column":44}},"82":{"start":{"line":213,"column":6},"end":{"line":217,"column":9}},"83":{"start":{"line":214,"column":27},"end":{"line":214,"column":69}},"84":{"start":{"line":215,"column":27},"end":{"line":215,"column":70}},"85":{"start":{"line":216,"column":8},"end":{"line":216,"column":40}},"86":{"start":{"line":219,"column":6},"end":{"line":219,"column":71}},"87":{"start":{"line":220,"column":6},"end":{"line":220,"column":16}},"88":{"start":{"line":228,"column":4},"end":{"line":233,"column":5}},"89":{"start":{"line":229,"column":6},"end":{"line":229,"column":61}},"90":{"start":{"line":231,"column":6},"end":{"line":231,"column":70}},"91":{"start":{"line":232,"column":6},"end":{"line":232,"column":49}},"92":{"start":{"line":240,"column":4},"end":{"line":246,"column":5}},"93":{"start":{"line":241,"column":22},"end":{"line":241,"column":46}},"94":{"start":{"line":242,"column":6},"end":{"line":242,"column":28}},"95":{"start":{"line":244,"column":6},"end":{"line":244,"column":67}},"96":{"start":{"line":245,"column":6},"end":{"line":245,"column":15}},"97":{"start":{"line":257,"column":4},"end":{"line":270,"column":5}},"98":{"start":{"line":258,"column":22},"end":{"line":258,"column":46}},"99":{"start":{"line":259,"column":22},"end":{"line":259,"column":82}},"100":{"start":{"line":259,"column":44},"end":{"line":259,"column":74}},"101":{"start":{"line":260,"column":30},"end":{"line":260,"column":89}},"102":{"start":{"line":260,"column":52},"end":{"line":260,"column":81}},"103":{"start":{"line":262,"column":6},"end":{"line":266,"column":8}},"104":{"start":{"line":268,"column":6},"end":{"line":268,"column":75}},"105":{"start":{"line":269,"column":6},"end":{"line":269,"column":58}}},"fnMap":{"0":{"name":"(anonymous_0)","decl":{"start":{"line":15,"column":2},"end":{"line":15,"column":3}},"loc":{"start":{"line":15,"column":61},"end":{"line":29,"column":3}},"line":15},"1":{"name":"(anonymous_1)","decl":{"start":{"line":17,"column":44},"end":{"line":17,"column":45}},"loc":{"start":{"line":17,"column":57},"end":{"line":21,"column":7}},"line":17},"2":{"name":"(anonymous_2)","decl":{"start":{"line":35,"column":2},"end":{"line":35,"column":3}},"loc":{"start":{"line":35,"column":48},"end":{"line":72,"column":3}},"line":35},"3":{"name":"(anonymous_3)","decl":{"start":{"line":51,"column":31},"end":{"line":51,"column":32}},"loc":{"start":{"line":51,"column":48},"end":{"line":67,"column":7}},"line":51},"4":{"name":"(anonymous_4)","decl":{"start":{"line":77,"column":2},"end":{"line":77,"column":3}},"loc":{"start":{"line":77,"column":65},"end":{"line":85,"column":3}},"line":77},"5":{"name":"(anonymous_5)","decl":{"start":{"line":80,"column":26},"end":{"line":80,"column":27}},"loc":{"start":{"line":80,"column":33},"end":{"line":80,"column":44}},"line":80},"6":{"name":"(anonymous_6)","decl":{"start":{"line":90,"column":2},"end":{"line":90,"column":3}},"loc":{"start":{"line":90,"column":56},"end":{"line":99,"column":3}},"line":90},"7":{"name":"(anonymous_7)","decl":{"start":{"line":105,"column":2},"end":{"line":105,"column":3}},"loc":{"start":{"line":105,"column":81},"end":{"line":127,"column":3}},"line":105},"8":{"name":"(anonymous_8)","decl":{"start":{"line":108,"column":38},"end":{"line":108,"column":39}},"loc":{"start":{"line":108,"column":45},"end":{"line":108,"column":56}},"line":108},"9":{"name":"(anonymous_9)","decl":{"start":{"line":133,"column":2},"end":{"line":133,"column":3}},"loc":{"start":{"line":133,"column":55},"end":{"line":162,"column":3}},"line":133},"10":{"name":"(anonymous_10)","decl":{"start":{"line":136,"column":42},"end":{"line":136,"column":43}},"loc":{"start":{"line":136,"column":49},"end":{"line":136,"column":60}},"line":136},"11":{"name":"(anonymous_11)","decl":{"start":{"line":156,"column":44},"end":{"line":156,"column":45}},"loc":{"start":{"line":156,"column":51},"end":{"line":156,"column":62}},"line":156},"12":{"name":"(anonymous_12)","decl":{"start":{"line":167,"column":2},"end":{"line":167,"column":3}},"loc":{"start":{"line":167,"column":99},"end":{"line":175,"column":3}},"line":167},"13":{"name":"(anonymous_13)","decl":{"start":{"line":170,"column":28},"end":{"line":170,"column":29}},"loc":{"start":{"line":170,"column":35},"end":{"line":170,"column":50}},"line":170},"14":{"name":"(anonymous_14)","decl":{"start":{"line":180,"column":2},"end":{"line":180,"column":3}},"loc":{"start":{"line":180,"column":63},"end":{"line":188,"column":3}},"line":180},"15":{"name":"(anonymous_15)","decl":{"start":{"line":183,"column":28},"end":{"line":183,"column":29}},"loc":{"start":{"line":183,"column":35},"end":{"line":183,"column":65}},"line":183},"16":{"name":"(anonymous_16)","decl":{"start":{"line":193,"column":2},"end":{"line":193,"column":3}},"loc":{"start":{"line":193,"column":77},"end":{"line":203,"column":3}},"line":193},"17":{"name":"(anonymous_17)","decl":{"start":{"line":197,"column":8},"end":{"line":197,"column":9}},"loc":{"start":{"line":197,"column":15},"end":{"line":197,"column":70}},"line":197},"18":{"name":"(anonymous_18)","decl":{"start":{"line":208,"column":2},"end":{"line":208,"column":3}},"loc":{"start":{"line":208,"column":63},"end":{"line":222,"column":3}},"line":208},"19":{"name":"(anonymous_19)","decl":{"start":{"line":213,"column":28},"end":{"line":213,"column":29}},"loc":{"start":{"line":213,"column":35},"end":{"line":217,"column":7}},"line":213},"20":{"name":"(anonymous_20)","decl":{"start":{"line":227,"column":2},"end":{"line":227,"column":3}},"loc":{"start":{"line":227,"column":41},"end":{"line":234,"column":3}},"line":227},"21":{"name":"(anonymous_21)","decl":{"start":{"line":239,"column":2},"end":{"line":239,"column":3}},"loc":{"start":{"line":239,"column":43},"end":{"line":247,"column":3}},"line":239},"22":{"name":"(anonymous_22)","decl":{"start":{"line":252,"column":2},"end":{"line":252,"column":3}},"loc":{"start":{"line":256,"column":5},"end":{"line":271,"column":3}},"line":256},"23":{"name":"(anonymous_23)","decl":{"start":{"line":259,"column":37},"end":{"line":259,"column":38}},"loc":{"start":{"line":259,"column":44},"end":{"line":259,"column":74}},"line":259},"24":{"name":"(anonymous_24)","decl":{"start":{"line":260,"column":45},"end":{"line":260,"column":46}},"loc":{"start":{"line":260,"column":52},"end":{"line":260,"column":81}},"line":260}},"branchMap":{"0":{"loc":{"start":{"line":39,"column":6},"end":{"line":41,"column":7}},"type":"if","locations":[{"start":{"line":39,"column":6},"end":{"line":41,"column":7}},{"start":{},"end":{}}],"line":39},"1":{"loc":{"start":{"line":45,"column":6},"end":{"line":48,"column":7}},"type":"if","locations":[{"start":{"line":45,"column":6},"end":{"line":48,"column":7}},{"start":{},"end":{}}],"line":45},"2":{"loc":{"start":{"line":55,"column":21},"end":{"line":55,"column":78}},"type":"cond-expr","locations":[{"start":{"line":55,"column":40},"end":{"line":55,"column":66}},{"start":{"line":55,"column":69},"end":{"line":55,"column":78}}],"line":55},"3":{"loc":{"start":{"line":59,"column":8},"end":{"line":66,"column":9}},"type":"if","locations":[{"start":{"line":59,"column":8},"end":{"line":66,"column":9}},{"start":{"line":61,"column":15},"end":{"line":66,"column":9}}],"line":59},"4":{"loc":{"start":{"line":61,"column":15},"end":{"line":66,"column":9}},"type":"if","locations":[{"start":{"line":61,"column":15},"end":{"line":66,"column":9}},{"start":{"line":63,"column":15},"end":{"line":66,"column":9}}],"line":61},"5":{"loc":{"start":{"line":80,"column":13},"end":{"line":80,"column":53}},"type":"binary-expr","locations":[{"start":{"line":80,"column":13},"end":{"line":80,"column":45}},{"start":{"line":80,"column":49},"end":{"line":80,"column":53}}],"line":80},"6":{"loc":{"start":{"line":110,"column":6},"end":{"line":112,"column":7}},"type":"if","locations":[{"start":{"line":110,"column":6},"end":{"line":112,"column":7}},{"start":{},"end":{}}],"line":110},"7":{"loc":{"start":{"line":138,"column":6},"end":{"line":141,"column":7}},"type":"if","locations":[{"start":{"line":138,"column":6},"end":{"line":141,"column":7}},{"start":{},"end":{}}],"line":138},"8":{"loc":{"start":{"line":144,"column":6},"end":{"line":153,"column":7}},"type":"if","locations":[{"start":{"line":144,"column":6},"end":{"line":153,"column":7}},{"start":{},"end":{}}],"line":144},"9":{"loc":{"start":{"line":183,"column":35},"end":{"line":183,"column":65}},"type":"binary-expr","locations":[{"start":{"line":183,"column":35},"end":{"line":183,"column":41}},{"start":{"line":183,"column":45},"end":{"line":183,"column":65}}],"line":183},"10":{"loc":{"start":{"line":197,"column":15},"end":{"line":197,"column":70}},"type":"binary-expr","locations":[{"start":{"line":197,"column":15},"end":{"line":197,"column":45}},{"start":{"line":197,"column":49},"end":{"line":197,"column":70}}],"line":197},"11":{"loc":{"start":{"line":216,"column":15},"end":{"line":216,"column":39}},"type":"binary-expr","locations":[{"start":{"line":216,"column":15},"end":{"line":216,"column":25}},{"start":{"line":216,"column":29},"end":{"line":216,"column":39}}],"line":216}},"s":{"0":4,"1":4,"2":3,"3":4,"4":4,"5":0,"6":0,"7":10,"8":10,"9":10,"10":1,"11":9,"12":9,"13":0,"14":0,"15":9,"16":11,"17":11,"18":8,"19":3,"20":3,"21":0,"22":0,"23":0,"24":0,"25":2,"26":2,"27":2,"28":1,"29":0,"30":0,"31":0,"32":0,"33":0,"34":0,"35":0,"36":0,"37":1,"38":1,"39":1,"40":1,"41":1,"42":0,"43":1,"44":1,"45":0,"46":0,"47":1,"48":1,"49":1,"50":1,"51":1,"52":0,"53":0,"54":1,"55":0,"56":1,"57":1,"58":1,"59":0,"60":0,"61":2,"62":2,"63":2,"64":4,"65":0,"66":0,"67":0,"68":0,"69":0,"70":0,"71":0,"72":0,"73":0,"74":0,"75":0,"76":0,"77":0,"78":0,"79":1,"80":1,"81":1,"82":1,"83":1,"84":1,"85":1,"86":0,"87":0,"88":0,"89":0,"90":0,"91":0,"92":0,"93":0,"94":0,"95":0,"96":0,"97":0,"98":0,"99":0,"100":0,"101":0,"102":0,"103":0,"104":0,"105":0},"f":{"0":4,"1":3,"2":10,"3":11,"4":2,"5":1,"6":0,"7":1,"8":1,"9":1,"10":1,"11":1,"12":2,"13":4,"14":0,"15":0,"16":0,"17":0,"18":1,"19":1,"20":0,"21":0,"22":0,"23":0,"24":0},"b":{"0":[1,9],"1":[0,9],"2":[0,11],"3":[8,3],"4":[3,0],"5":[2,1],"6":[0,1],"7":[0,1],"8":[0,1],"9":[0,0],"10":[0,0],"11":[1,0]},"_coverageSchema":"1a1c01bbd47fc00a2c39e90264f33305004495a9","hash":"b37bd9bf8f64c6bdf4fa9346dc00a98a671604bb"}
,"/Users/gedeonrony/Desktop/coding/podcut/mobile/services/tagService.ts": {"path":"/Users/gedeonrony/Desktop/coding/podcut/mobile/services/tagService.ts","statementMap":{"0":{"start":{"line":14,"column":56},"end":{"line":14,"column":60}},"1":{"start":{"line":20,"column":4},"end":{"line":20,"column":25}},"2":{"start":{"line":27,"column":4},"end":{"line":29,"column":5}},"3":{"start":{"line":28,"column":6},"end":{"line":28,"column":27}},"4":{"start":{"line":31,"column":20},"end":{"line":31,"column":53}},"5":{"start":{"line":32,"column":19},"end":{"line":32,"column":44}},"6":{"start":{"line":34,"column":4},"end":{"line":42,"column":5}},"7":{"start":{"line":35,"column":6},"end":{"line":41,"column":7}},"8":{"start":{"line":36,"column":8},"end":{"line":40,"column":9}},"9":{"start":{"line":37,"column":32},"end":{"line":37,"column":56}},"10":{"start":{"line":38,"column":31},"end":{"line":38,"column":61}},"11":{"start":{"line":39,"column":10},"end":{"line":39,"column":54}},"12":{"start":{"line":44,"column":4},"end":{"line":44,"column":27}},"13":{"start":{"line":45,"column":4},"end":{"line":45,"column":18}},"14":{"start":{"line":53,"column":4},"end":{"line":68,"column":5}},"15":{"start":{"line":54,"column":21},"end":{"line":54,"column":44}},"16":{"start":{"line":55,"column":19},"end":{"line":55,"column":44}},"17":{"start":{"line":58,"column":6},"end":{"line":62,"column":9}},"18":{"start":{"line":59,"column":23},"end":{"line":59,"column":41}},"19":{"start":{"line":60,"column":23},"end":{"line":60,"column":41}},"20":{"start":{"line":61,"column":8},"end":{"line":61,"column":31}},"21":{"start":{"line":64,"column":6},"end":{"line":64,"column":18}},"22":{"start":{"line":66,"column":6},"end":{"line":66,"column":67}},"23":{"start":{"line":67,"column":6},"end":{"line":67,"column":16}},"24":{"start":{"line":77,"column":4},"end":{"line":105,"column":5}},"25":{"start":{"line":78,"column":6},"end":{"line":82,"column":7}},"26":{"start":{"line":80,"column":24},"end":{"line":80,"column":47}},"27":{"start":{"line":81,"column":8},"end":{"line":81,"column":39}},"28":{"start":{"line":84,"column":30},"end":{"line":84,"column":56}},"29":{"start":{"line":85,"column":21},"end":{"line":85,"column":44}},"30":{"start":{"line":86,"column":37},"end":{"line":86,"column":39}},"31":{"start":{"line":88,"column":6},"end":{"line":92,"column":7}},"32":{"start":{"line":89,"column":8},"end":{"line":91,"column":9}},"33":{"start":{"line":90,"column":10},"end":{"line":90,"column":33}},"34":{"start":{"line":95,"column":6},"end":{"line":99,"column":9}},"35":{"start":{"line":96,"column":23},"end":{"line":96,"column":41}},"36":{"start":{"line":97,"column":23},"end":{"line":97,"column":41}},"37":{"start":{"line":98,"column":8},"end":{"line":98,"column":31}},"38":{"start":{"line":101,"column":6},"end":{"line":101,"column":42}},"39":{"start":{"line":103,"column":6},"end":{"line":103,"column":74}},"40":{"start":{"line":104,"column":6},"end":{"line":104,"column":16}},"41":{"start":{"line":113,"column":4},"end":{"line":118,"column":5}},"42":{"start":{"line":114,"column":6},"end":{"line":114,"column":37}},"43":{"start":{"line":116,"column":6},"end":{"line":116,"column":74}},"44":{"start":{"line":117,"column":6},"end":{"line":117,"column":23}},"45":{"start":{"line":125,"column":4},"end":{"line":132,"column":5}},"46":{"start":{"line":126,"column":21},"end":{"line":126,"column":44}},"47":{"start":{"line":127,"column":28},"end":{"line":127,"column":52}},"48":{"start":{"line":128,"column":6},"end":{"line":128,"column":44}},"49":{"start":{"line":130,"column":6},"end":{"line":130,"column":68}},"50":{"start":{"line":131,"column":6},"end":{"line":131,"column":15}},"51":{"start":{"line":139,"column":4},"end":{"line":145,"column":5}},"52":{"start":{"line":140,"column":22},"end":{"line":140,"column":45}},"53":{"start":{"line":141,"column":6},"end":{"line":141,"column":37}},"54":{"start":{"line":143,"column":6},"end":{"line":143,"column":71}},"55":{"start":{"line":144,"column":6},"end":{"line":144,"column":16}},"56":{"start":{"line":152,"column":4},"end":{"line":163,"column":5}},"57":{"start":{"line":153,"column":28},"end":{"line":153,"column":52}},"58":{"start":{"line":154,"column":22},"end":{"line":154,"column":55}},"59":{"start":{"line":156,"column":6},"end":{"line":159,"column":9}},"60":{"start":{"line":157,"column":8},"end":{"line":157,"column":39}},"61":{"start":{"line":157,"column":26},"end":{"line":157,"column":39}},"62":{"start":{"line":158,"column":8},"end":{"line":158,"column":81}},"63":{"start":{"line":158,"column":39},"end":{"line":158,"column":79}},"64":{"start":{"line":161,"column":6},"end":{"line":161,"column":73}},"65":{"start":{"line":162,"column":6},"end":{"line":162,"column":16}},"66":{"start":{"line":170,"column":4},"end":{"line":185,"column":5}},"67":{"start":{"line":171,"column":6},"end":{"line":171,"column":39}},"68":{"start":{"line":171,"column":29},"end":{"line":171,"column":39}},"69":{"start":{"line":173,"column":29},"end":{"line":173,"column":68}},"70":{"start":{"line":173,"column":45},"end":{"line":173,"column":67}},"71":{"start":{"line":174,"column":22},"end":{"line":174,"column":55}},"72":{"start":{"line":176,"column":6},"end":{"line":181,"column":9}},"73":{"start":{"line":177,"column":8},"end":{"line":177,"column":67}},"74":{"start":{"line":177,"column":54},"end":{"line":177,"column":67}},"75":{"start":{"line":179,"column":37},"end":{"line":179,"column":83}},"76":{"start":{"line":179,"column":60},"end":{"line":179,"column":82}},"77":{"start":{"line":180,"column":8},"end":{"line":180,"column":81}},"78":{"start":{"line":180,"column":45},"end":{"line":180,"column":79}},"79":{"start":{"line":183,"column":6},"end":{"line":183,"column":74}},"80":{"start":{"line":184,"column":6},"end":{"line":184,"column":16}},"81":{"start":{"line":192,"column":4},"end":{"line":219,"column":5}},"82":{"start":{"line":193,"column":22},"end":{"line":193,"column":55}},"83":{"start":{"line":194,"column":21},"end":{"line":194,"column":59}},"84":{"start":{"line":194,"column":41},"end":{"line":194,"column":58}},"85":{"start":{"line":196,"column":6},"end":{"line":198,"column":7}},"86":{"start":{"line":197,"column":8},"end":{"line":197,"column":56}},"87":{"start":{"line":200,"column":28},"end":{"line":200,"column":38}},"88":{"start":{"line":202,"column":6},"end":{"line":204,"column":7}},"89":{"start":{"line":203,"column":8},"end":{"line":203,"column":25}},"90":{"start":{"line":207,"column":24},"end":{"line":209,"column":7}},"91":{"start":{"line":208,"column":15},"end":{"line":208,"column":62}},"92":{"start":{"line":211,"column":6},"end":{"line":215,"column":7}},"93":{"start":{"line":212,"column":8},"end":{"line":212,"column":40}},"94":{"start":{"line":213,"column":8},"end":{"line":213,"column":74}},"95":{"start":{"line":214,"column":8},"end":{"line":214,"column":31}},"96":{"start":{"line":217,"column":6},"end":{"line":217,"column":71}},"97":{"start":{"line":218,"column":6},"end":{"line":218,"column":53}},"98":{"start":{"line":226,"column":4},"end":{"line":244,"column":5}},"99":{"start":{"line":227,"column":22},"end":{"line":227,"column":55}},"100":{"start":{"line":228,"column":21},"end":{"line":228,"column":59}},"101":{"start":{"line":228,"column":41},"end":{"line":228,"column":58}},"102":{"start":{"line":230,"column":6},"end":{"line":232,"column":7}},"103":{"start":{"line":231,"column":8},"end":{"line":231,"column":56}},"104":{"start":{"line":234,"column":6},"end":{"line":234,"column":31}},"105":{"start":{"line":234,"column":24},"end":{"line":234,"column":31}},"106":{"start":{"line":236,"column":28},"end":{"line":236,"column":52}},"107":{"start":{"line":237,"column":6},"end":{"line":237,"column":88}},"108":{"start":{"line":237,"column":46},"end":{"line":237,"column":86}},"109":{"start":{"line":239,"column":6},"end":{"line":239,"column":72}},"110":{"start":{"line":240,"column":6},"end":{"line":240,"column":29}},"111":{"start":{"line":242,"column":6},"end":{"line":242,"column":75}},"112":{"start":{"line":243,"column":6},"end":{"line":243,"column":58}},"113":{"start":{"line":251,"column":4},"end":{"line":282,"column":5}},"114":{"start":{"line":252,"column":31},"end":{"line":252,"column":58}},"115":{"start":{"line":253,"column":31},"end":{"line":253,"column":44}},"116":{"start":{"line":255,"column":22},"end":{"line":255,"column":55}},"117":{"start":{"line":256,"column":39},"end":{"line":256,"column":41}},"118":{"start":{"line":258,"column":6},"end":{"line":271,"column":7}},"119":{"start":{"line":259,"column":8},"end":{"line":259,"column":35}},"120":{"start":{"line":259,"column":26},"end":{"line":259,"column":35}},"121":{"start":{"line":261,"column":26},"end":{"line":263,"column":9}},"122":{"start":{"line":262,"column":17},"end":{"line":262,"column":60}},"123":{"start":{"line":265,"column":8},"end":{"line":270,"column":9}},"124":{"start":{"line":266,"column":10},"end":{"line":268,"column":12}},"125":{"start":{"line":267,"column":12},"end":{"line":267,"column":78}},"126":{"start":{"line":269,"column":10},"end":{"line":269,"column":38}},"127":{"start":{"line":274,"column":6},"end":{"line":276,"column":7}},"128":{"start":{"line":275,"column":8},"end":{"line":275,"column":75}},"129":{"start":{"line":278,"column":6},"end":{"line":278,"column":29}},"130":{"start":{"line":280,"column":6},"end":{"line":280,"column":72}},"131":{"start":{"line":281,"column":6},"end":{"line":281,"column":46}},"132":{"start":{"line":289,"column":4},"end":{"line":316,"column":5}},"133":{"start":{"line":290,"column":28},"end":{"line":290,"column":52}},"134":{"start":{"line":291,"column":22},"end":{"line":291,"column":55}},"135":{"start":{"line":292,"column":39},"end":{"line":292,"column":41}},"136":{"start":{"line":294,"column":6},"end":{"line":305,"column":7}},"137":{"start":{"line":295,"column":8},"end":{"line":295,"column":35}},"138":{"start":{"line":295,"column":26},"end":{"line":295,"column":35}},"139":{"start":{"line":297,"column":23},"end":{"line":297,"column":88}},"140":{"start":{"line":297,"column":47},"end":{"line":297,"column":87}},"141":{"start":{"line":299,"column":8},"end":{"line":304,"column":9}},"142":{"start":{"line":300,"column":10},"end":{"line":302,"column":12}},"143":{"start":{"line":301,"column":19},"end":{"line":301,"column":59}},"144":{"start":{"line":303,"column":10},"end":{"line":303,"column":38}},"145":{"start":{"line":308,"column":6},"end":{"line":310,"column":7}},"146":{"start":{"line":309,"column":8},"end":{"line":309,"column":75}},"147":{"start":{"line":312,"column":6},"end":{"line":312,"column":29}},"148":{"start":{"line":314,"column":6},"end":{"line":314,"column":72}},"149":{"start":{"line":315,"column":6},"end":{"line":315,"column":46}},"150":{"start":{"line":323,"column":4},"end":{"line":329,"column":5}},"151":{"start":{"line":324,"column":21},"end":{"line":324,"column":44}},"152":{"start":{"line":325,"column":6},"end":{"line":325,"column":25}},"153":{"start":{"line":327,"column":6},"end":{"line":327,"column":68}},"154":{"start":{"line":328,"column":6},"end":{"line":328,"column":15}}},"fnMap":{"0":{"name":"(anonymous_0)","decl":{"start":{"line":19,"column":2},"end":{"line":19,"column":3}},"loc":{"start":{"line":19,"column":33},"end":{"line":21,"column":3}},"line":19},"1":{"name":"(anonymous_1)","decl":{"start":{"line":26,"column":2},"end":{"line":26,"column":3}},"loc":{"start":{"line":26,"column":66},"end":{"line":46,"column":3}},"line":26},"2":{"name":"(anonymous_2)","decl":{"start":{"line":52,"column":2},"end":{"line":52,"column":3}},"loc":{"start":{"line":52,"column":47},"end":{"line":69,"column":3}},"line":52},"3":{"name":"(anonymous_3)","decl":{"start":{"line":58,"column":16},"end":{"line":58,"column":17}},"loc":{"start":{"line":58,"column":26},"end":{"line":62,"column":7}},"line":58},"4":{"name":"(anonymous_4)","decl":{"start":{"line":76,"column":2},"end":{"line":76,"column":3}},"loc":{"start":{"line":76,"column":87},"end":{"line":106,"column":3}},"line":76},"5":{"name":"(anonymous_5)","decl":{"start":{"line":95,"column":24},"end":{"line":95,"column":25}},"loc":{"start":{"line":95,"column":34},"end":{"line":99,"column":7}},"line":95},"6":{"name":"(anonymous_6)","decl":{"start":{"line":112,"column":2},"end":{"line":112,"column":3}},"loc":{"start":{"line":112,"column":64},"end":{"line":119,"column":3}},"line":112},"7":{"name":"(anonymous_7)","decl":{"start":{"line":124,"column":2},"end":{"line":124,"column":3}},"loc":{"start":{"line":124,"column":57},"end":{"line":133,"column":3}},"line":124},"8":{"name":"(anonymous_8)","decl":{"start":{"line":138,"column":2},"end":{"line":138,"column":3}},"loc":{"start":{"line":138,"column":69},"end":{"line":146,"column":3}},"line":138},"9":{"name":"(anonymous_9)","decl":{"start":{"line":151,"column":2},"end":{"line":151,"column":3}},"loc":{"start":{"line":151,"column":63},"end":{"line":164,"column":3}},"line":151},"10":{"name":"(anonymous_10)","decl":{"start":{"line":156,"column":28},"end":{"line":156,"column":29}},"loc":{"start":{"line":156,"column":40},"end":{"line":159,"column":7}},"line":156},"11":{"name":"(anonymous_11)","decl":{"start":{"line":158,"column":32},"end":{"line":158,"column":33}},"loc":{"start":{"line":158,"column":39},"end":{"line":158,"column":79}},"line":158},"12":{"name":"(anonymous_12)","decl":{"start":{"line":169,"column":2},"end":{"line":169,"column":3}},"loc":{"start":{"line":169,"column":67},"end":{"line":186,"column":3}},"line":169},"13":{"name":"(anonymous_13)","decl":{"start":{"line":173,"column":38},"end":{"line":173,"column":39}},"loc":{"start":{"line":173,"column":45},"end":{"line":173,"column":67}},"line":173},"14":{"name":"(anonymous_14)","decl":{"start":{"line":176,"column":28},"end":{"line":176,"column":29}},"loc":{"start":{"line":176,"column":40},"end":{"line":181,"column":7}},"line":176},"15":{"name":"(anonymous_15)","decl":{"start":{"line":179,"column":53},"end":{"line":179,"column":54}},"loc":{"start":{"line":179,"column":60},"end":{"line":179,"column":82}},"line":179},"16":{"name":"(anonymous_16)","decl":{"start":{"line":180,"column":36},"end":{"line":180,"column":37}},"loc":{"start":{"line":180,"column":45},"end":{"line":180,"column":79}},"line":180},"17":{"name":"(anonymous_17)","decl":{"start":{"line":191,"column":2},"end":{"line":191,"column":3}},"loc":{"start":{"line":191,"column":76},"end":{"line":220,"column":3}},"line":191},"18":{"name":"(anonymous_18)","decl":{"start":{"line":194,"column":34},"end":{"line":194,"column":35}},"loc":{"start":{"line":194,"column":41},"end":{"line":194,"column":58}},"line":194},"19":{"name":"(anonymous_19)","decl":{"start":{"line":208,"column":8},"end":{"line":208,"column":9}},"loc":{"start":{"line":208,"column":15},"end":{"line":208,"column":62}},"line":208},"20":{"name":"(anonymous_20)","decl":{"start":{"line":225,"column":2},"end":{"line":225,"column":3}},"loc":{"start":{"line":225,"column":81},"end":{"line":245,"column":3}},"line":225},"21":{"name":"(anonymous_21)","decl":{"start":{"line":228,"column":34},"end":{"line":228,"column":35}},"loc":{"start":{"line":228,"column":41},"end":{"line":228,"column":58}},"line":228},"22":{"name":"(anonymous_22)","decl":{"start":{"line":237,"column":39},"end":{"line":237,"column":40}},"loc":{"start":{"line":237,"column":46},"end":{"line":237,"column":86}},"line":237},"23":{"name":"(anonymous_23)","decl":{"start":{"line":250,"column":2},"end":{"line":250,"column":3}},"loc":{"start":{"line":250,"column":80},"end":{"line":283,"column":3}},"line":250},"24":{"name":"(anonymous_24)","decl":{"start":{"line":262,"column":10},"end":{"line":262,"column":11}},"loc":{"start":{"line":262,"column":17},"end":{"line":262,"column":60}},"line":262},"25":{"name":"(anonymous_25)","decl":{"start":{"line":266,"column":40},"end":{"line":266,"column":41}},"loc":{"start":{"line":267,"column":12},"end":{"line":267,"column":78}},"line":267},"26":{"name":"(anonymous_26)","decl":{"start":{"line":288,"column":2},"end":{"line":288,"column":3}},"loc":{"start":{"line":288,"column":61},"end":{"line":317,"column":3}},"line":288},"27":{"name":"(anonymous_27)","decl":{"start":{"line":297,"column":40},"end":{"line":297,"column":41}},"loc":{"start":{"line":297,"column":47},"end":{"line":297,"column":87}},"line":297},"28":{"name":"(anonymous_28)","decl":{"start":{"line":301,"column":12},"end":{"line":301,"column":13}},"loc":{"start":{"line":301,"column":19},"end":{"line":301,"column":59}},"line":301},"29":{"name":"(anonymous_29)","decl":{"start":{"line":322,"column":2},"end":{"line":322,"column":3}},"loc":{"start":{"line":322,"column":46},"end":{"line":330,"column":3}},"line":322}},"branchMap":{"0":{"loc":{"start":{"line":27,"column":4},"end":{"line":29,"column":5}},"type":"if","locations":[{"start":{"line":27,"column":4},"end":{"line":29,"column":5}},{"start":{},"end":{}}],"line":27},"1":{"loc":{"start":{"line":35,"column":6},"end":{"line":41,"column":7}},"type":"if","locations":[{"start":{"line":35,"column":6},"end":{"line":41,"column":7}},{"start":{},"end":{}}],"line":35},"2":{"loc":{"start":{"line":35,"column":10},"end":{"line":35,"column":47}},"type":"binary-expr","locations":[{"start":{"line":35,"column":10},"end":{"line":35,"column":21}},{"start":{"line":35,"column":25},"end":{"line":35,"column":47}}],"line":35},"3":{"loc":{"start":{"line":38,"column":31},"end":{"line":38,"column":61}},"type":"binary-expr","locations":[{"start":{"line":38,"column":31},"end":{"line":38,"column":56}},{"start":{"line":38,"column":60},"end":{"line":38,"column":61}}],"line":38},"4":{"loc":{"start":{"line":59,"column":23},"end":{"line":59,"column":41}},"type":"binary-expr","locations":[{"start":{"line":59,"column":23},"end":{"line":59,"column":36}},{"start":{"line":59,"column":40},"end":{"line":59,"column":41}}],"line":59},"5":{"loc":{"start":{"line":60,"column":23},"end":{"line":60,"column":41}},"type":"binary-expr","locations":[{"start":{"line":60,"column":23},"end":{"line":60,"column":36}},{"start":{"line":60,"column":40},"end":{"line":60,"column":41}}],"line":60},"6":{"loc":{"start":{"line":76,"column":48},"end":{"line":76,"column":66}},"type":"default-arg","locations":[{"start":{"line":76,"column":64},"end":{"line":76,"column":66}}],"line":76},"7":{"loc":{"start":{"line":78,"column":6},"end":{"line":82,"column":7}},"type":"if","locations":[{"start":{"line":78,"column":6},"end":{"line":82,"column":7}},{"start":{},"end":{}}],"line":78},"8":{"loc":{"start":{"line":78,"column":10},"end":{"line":78,"column":39}},"type":"binary-expr","locations":[{"start":{"line":78,"column":10},"end":{"line":78,"column":16}},{"start":{"line":78,"column":20},"end":{"line":78,"column":39}}],"line":78},"9":{"loc":{"start":{"line":89,"column":8},"end":{"line":91,"column":9}},"type":"if","locations":[{"start":{"line":89,"column":8},"end":{"line":91,"column":9}},{"start":{},"end":{}}],"line":89},"10":{"loc":{"start":{"line":96,"column":23},"end":{"line":96,"column":41}},"type":"binary-expr","locations":[{"start":{"line":96,"column":23},"end":{"line":96,"column":36}},{"start":{"line":96,"column":40},"end":{"line":96,"column":41}}],"line":96},"11":{"loc":{"start":{"line":97,"column":23},"end":{"line":97,"column":41}},"type":"binary-expr","locations":[{"start":{"line":97,"column":23},"end":{"line":97,"column":36}},{"start":{"line":97,"column":40},"end":{"line":97,"column":41}}],"line":97},"12":{"loc":{"start":{"line":128,"column":13},"end":{"line":128,"column":43}},"type":"binary-expr","locations":[{"start":{"line":128,"column":13},"end":{"line":128,"column":38}},{"start":{"line":128,"column":42},"end":{"line":128,"column":43}}],"line":128},"13":{"loc":{"start":{"line":138,"column":30},"end":{"line":138,"column":48}},"type":"default-arg","locations":[{"start":{"line":138,"column":46},"end":{"line":138,"column":48}}],"line":138},"14":{"loc":{"start":{"line":157,"column":8},"end":{"line":157,"column":39}},"type":"if","locations":[{"start":{"line":157,"column":8},"end":{"line":157,"column":39}},{"start":{},"end":{}}],"line":157},"15":{"loc":{"start":{"line":171,"column":6},"end":{"line":171,"column":39}},"type":"if","locations":[{"start":{"line":171,"column":6},"end":{"line":171,"column":39}},{"start":{},"end":{}}],"line":171},"16":{"loc":{"start":{"line":177,"column":8},"end":{"line":177,"column":67}},"type":"if","locations":[{"start":{"line":177,"column":8},"end":{"line":177,"column":67}},{"start":{},"end":{}}],"line":177},"17":{"loc":{"start":{"line":177,"column":12},"end":{"line":177,"column":52}},"type":"binary-expr","locations":[{"start":{"line":177,"column":12},"end":{"line":177,"column":24}},{"start":{"line":177,"column":28},"end":{"line":177,"column":52}}],"line":177},"18":{"loc":{"start":{"line":196,"column":6},"end":{"line":198,"column":7}},"type":"if","locations":[{"start":{"line":196,"column":6},"end":{"line":198,"column":7}},{"start":{},"end":{}}],"line":196},"19":{"loc":{"start":{"line":202,"column":6},"end":{"line":204,"column":7}},"type":"if","locations":[{"start":{"line":202,"column":6},"end":{"line":204,"column":7}},{"start":{},"end":{}}],"line":202},"20":{"loc":{"start":{"line":211,"column":6},"end":{"line":215,"column":7}},"type":"if","locations":[{"start":{"line":211,"column":6},"end":{"line":215,"column":7}},{"start":{},"end":{}}],"line":211},"21":{"loc":{"start":{"line":230,"column":6},"end":{"line":232,"column":7}},"type":"if","locations":[{"start":{"line":230,"column":6},"end":{"line":232,"column":7}},{"start":{},"end":{}}],"line":230},"22":{"loc":{"start":{"line":234,"column":6},"end":{"line":234,"column":31}},"type":"if","locations":[{"start":{"line":234,"column":6},"end":{"line":234,"column":31}},{"start":{},"end":{}}],"line":234},"23":{"loc":{"start":{"line":259,"column":8},"end":{"line":259,"column":35}},"type":"if","locations":[{"start":{"line":259,"column":8},"end":{"line":259,"column":35}},{"start":{},"end":{}}],"line":259},"24":{"loc":{"start":{"line":265,"column":8},"end":{"line":270,"column":9}},"type":"if","locations":[{"start":{"line":265,"column":8},"end":{"line":270,"column":9}},{"start":{},"end":{}}],"line":265},"25":{"loc":{"start":{"line":267,"column":12},"end":{"line":267,"column":78}},"type":"cond-expr","locations":[{"start":{"line":267,"column":58},"end":{"line":267,"column":74}},{"start":{"line":267,"column":77},"end":{"line":267,"column":78}}],"line":267},"26":{"loc":{"start":{"line":295,"column":8},"end":{"line":295,"column":35}},"type":"if","locations":[{"start":{"line":295,"column":8},"end":{"line":295,"column":35}},{"start":{},"end":{}}],"line":295},"27":{"loc":{"start":{"line":299,"column":8},"end":{"line":304,"column":9}},"type":"if","locations":[{"start":{"line":299,"column":8},"end":{"line":304,"column":9}},{"start":{},"end":{}}],"line":299}},"s":{"0":1,"1":19,"2":8,"3":0,"4":8,"5":8,"6":8,"7":22,"8":21,"9":42,"10":42,"11":42,"12":8,"13":8,"14":6,"15":6,"16":6,"17":6,"18":20,"19":20,"20":20,"21":6,"22":0,"23":0,"24":4,"25":4,"26":3,"27":3,"28":1,"29":1,"30":1,"31":1,"32":5,"33":1,"34":1,"35":0,"36":0,"37":0,"38":1,"39":0,"40":0,"41":1,"42":1,"43":0,"44":0,"45":0,"46":0,"47":0,"48":0,"49":0,"50":0,"51":0,"52":0,"53":0,"54":0,"55":0,"56":2,"57":2,"58":2,"59":2,"60":6,"61":0,"62":6,"63":6,"64":0,"65":0,"66":0,"67":0,"68":0,"69":0,"70":0,"71":0,"72":0,"73":0,"74":0,"75":0,"76":0,"77":0,"78":0,"79":0,"80":0,"81":2,"82":2,"83":2,"84":2,"85":2,"86":0,"87":2,"88":2,"89":0,"90":2,"91":4,"92":2,"93":1,"94":1,"95":1,"96":0,"97":0,"98":1,"99":1,"100":1,"101":1,"102":1,"103":0,"104":1,"105":0,"106":1,"107":1,"108":3,"109":1,"110":1,"111":0,"112":0,"113":1,"114":1,"115":1,"116":1,"117":1,"118":1,"119":3,"120":0,"121":3,"122":3,"123":3,"124":2,"125":5,"126":2,"127":1,"128":2,"129":1,"130":0,"131":0,"132":1,"133":1,"134":1,"135":1,"136":1,"137":3,"138":0,"139":3,"140":3,"141":3,"142":2,"143":5,"144":2,"145":1,"146":2,"147":1,"148":0,"149":0,"150":0,"151":0,"152":0,"153":0,"154":0},"f":{"0":19,"1":8,"2":6,"3":20,"4":4,"5":0,"6":1,"7":0,"8":0,"9":2,"10":6,"11":6,"12":0,"13":0,"14":0,"15":0,"16":0,"17":2,"18":2,"19":4,"20":1,"21":1,"22":3,"23":1,"24":3,"25":5,"26":1,"27":3,"28":5,"29":0},"b":{"0":[0,8],"1":[21,1],"2":[22,21],"3":[42,35],"4":[20,0],"5":[20,0],"6":[3],"7":[3,1],"8":[4,1],"9":[1,4],"10":[0,0],"11":[0,0],"12":[0,0],"13":[0],"14":[0,6],"15":[0,0],"16":[0,0],"17":[0,0],"18":[0,2],"19":[0,2],"20":[1,1],"21":[0,1],"22":[0,1],"23":[0,3],"24":[2,1],"25":[2,3],"26":[0,3],"27":[2,1]},"_coverageSchema":"1a1c01bbd47fc00a2c39e90264f33305004495a9","hash":"5aeb1e97ba1cd7f15c8d21bb3f7f3320be40e465"}
}
