TN:
SF:services/folderStorage.ts
FN:14,(anonymous_0)
FN:16,(anonymous_1)
FN:20,(anonymous_2)
FN:36,(anonymous_3)
FN:52,(anonymous_4)
FN:56,(anonymous_5)
FN:70,(anonymous_6)
FN:73,(anonymous_7)
FN:83,(anonymous_8)
FN:89,(anonymous_9)
FN:110,(anonymous_10)
FN:113,(anonymous_11)
FN:137,(anonymous_12)
FN:140,(anonymous_13)
FN:152,(anonymous_14)
FN:156,(anonymous_15)
FN:158,(anonymous_16)
FN:172,(anonymous_17)
FN:175,(anonymous_18)
FN:193,(anonymous_19)
FN:195,(anonymous_20)
FN:201,(anonymous_21)
FN:224,(anonymous_22)
FN:227,(anonymous_23)
FN:234,(anonymous_24)
FN:253,(anonymous_25)
FN:256,(anonymous_26)
FN:262,(anonymous_27)
FN:275,(anonymous_28)
FN:278,(anonymous_29)
FN:288,(anonymous_30)
FN:291,(anonymous_31)
FN:301,(anonymous_32)
FN:307,(anonymous_33)
FN:326,(anonymous_34)
FN:338,(anonymous_35)
FN:339,(anonymous_36)
FN:355,(anonymous_37)
FN:362,(anonymous_38)
FNF:39
FNH:21
FNDA:4,(anonymous_0)
FNDA:8,(anonymous_1)
FNDA:0,(anonymous_2)
FNDA:9,(anonymous_3)
FNDA:17,(anonymous_4)
FNDA:0,(anonymous_5)
FNDA:0,(anonymous_6)
FNDA:0,(anonymous_7)
FNDA:1,(anonymous_8)
FNDA:1,(anonymous_9)
FNDA:0,(anonymous_10)
FNDA:0,(anonymous_11)
FNDA:1,(anonymous_12)
FNDA:2,(anonymous_13)
FNDA:3,(anonymous_14)
FNDA:1,(anonymous_15)
FNDA:1,(anonymous_16)
FNDA:3,(anonymous_17)
FNDA:4,(anonymous_18)
FNDA:1,(anonymous_19)
FNDA:0,(anonymous_20)
FNDA:3,(anonymous_21)
FNDA:0,(anonymous_22)
FNDA:0,(anonymous_23)
FNDA:0,(anonymous_24)
FNDA:0,(anonymous_25)
FNDA:0,(anonymous_26)
FNDA:0,(anonymous_27)
FNDA:1,(anonymous_28)
FNDA:2,(anonymous_29)
FNDA:0,(anonymous_30)
FNDA:0,(anonymous_31)
FNDA:0,(anonymous_32)
FNDA:0,(anonymous_33)
FNDA:0,(anonymous_34)
FNDA:6,(anonymous_35)
FNDA:11,(anonymous_36)
FNDA:1,(anonymous_37)
FNDA:6,(anonymous_38)
DA:15,4
DA:16,8
DA:20,0
DA:26,4
DA:28,0
DA:29,0
DA:37,9
DA:38,9
DA:40,9
DA:41,1
DA:44,8
DA:46,8
DA:47,0
DA:48,0
DA:52,17
DA:56,0
DA:62,0
DA:63,0
DA:71,0
DA:72,0
DA:73,0
DA:75,0
DA:76,0
DA:84,1
DA:85,1
DA:88,1
DA:89,1
DA:90,1
DA:91,1
DA:92,1
DA:95,0
DA:99,1
DA:100,1
DA:102,0
DA:103,0
DA:111,0
DA:112,0
DA:113,0
DA:115,0
DA:116,0
DA:119,0
DA:126,0
DA:128,0
DA:129,0
DA:138,1
DA:139,1
DA:140,2
DA:142,1
DA:143,0
DA:144,0
DA:148,1
DA:149,1
DA:152,3
DA:155,1
DA:156,1
DA:157,1
DA:158,1
DA:162,1
DA:164,0
DA:165,0
DA:173,3
DA:174,3
DA:175,4
DA:177,3
DA:178,0
DA:182,3
DA:183,3
DA:184,3
DA:185,2
DA:189,1
DA:192,1
DA:193,1
DA:194,1
DA:195,1
DA:200,1
DA:201,3
DA:202,1
DA:203,0
DA:205,1
DA:206,1
DA:211,1
DA:212,1
DA:214,1
DA:216,2
DA:217,2
DA:225,0
DA:226,0
DA:227,0
DA:229,0
DA:230,0
DA:234,0
DA:235,0
DA:236,0
DA:237,0
DA:240,0
DA:241,0
DA:243,0
DA:245,0
DA:246,0
DA:254,0
DA:255,0
DA:256,0
DA:258,0
DA:259,0
DA:262,0
DA:263,0
DA:265,0
DA:267,0
DA:268,0
DA:276,1
DA:277,1
DA:278,2
DA:280,0
DA:281,0
DA:289,0
DA:290,0
DA:291,0
DA:293,0
DA:294,0
DA:305,0
DA:306,0
DA:307,0
DA:309,0
DA:310,0
DA:313,0
DA:314,0
DA:316,0
DA:318,0
DA:319,0
DA:327,0
DA:328,0
DA:330,0
DA:331,0
DA:339,11
DA:340,6
DA:342,6
DA:344,6
DA:345,2
DA:346,2
DA:349,6
DA:356,1
DA:357,1
DA:358,1
DA:359,1
DA:361,1
DA:362,6
DA:363,3
DA:365,3
DA:366,3
DA:369,1
DA:371,0
DA:372,0
LF:152
LH:74
BRDA:40,0,0,1
BRDA:40,0,1,8
BRDA:46,1,0,0
BRDA:46,1,1,8
BRDA:73,2,0,0
BRDA:73,2,1,0
BRDA:88,3,0,1
BRDA:88,3,1,0
BRDA:90,4,0,1
BRDA:90,4,1,0
BRDA:91,5,0,1
BRDA:91,5,1,0
BRDA:115,6,0,0
BRDA:115,6,1,0
BRDA:142,7,0,0
BRDA:142,7,1,1
BRDA:155,8,0,1
BRDA:155,8,1,0
BRDA:157,9,0,1
BRDA:157,9,1,0
BRDA:177,10,0,0
BRDA:177,10,1,3
BRDA:182,11,0,3
BRDA:182,11,1,0
BRDA:184,12,0,2
BRDA:184,12,1,1
BRDA:184,13,0,3
BRDA:184,13,1,2
BRDA:192,14,0,1
BRDA:192,14,1,0
BRDA:194,15,0,1
BRDA:194,15,1,0
BRDA:200,16,0,1
BRDA:200,16,1,0
BRDA:202,17,0,0
BRDA:202,17,1,1
BRDA:205,18,0,1
BRDA:205,18,1,0
BRDA:229,19,0,0
BRDA:229,19,1,0
BRDA:235,20,0,0
BRDA:235,20,1,0
BRDA:258,21,0,0
BRDA:258,21,1,0
BRDA:309,22,0,0
BRDA:309,22,1,0
BRDA:340,23,0,0
BRDA:340,23,1,6
BRDA:363,24,0,0
BRDA:363,24,1,3
BRF:50
BRH:22
end_of_record
TN:
SF:services/migrationService.ts
FN:14,(anonymous_0)
FN:29,(anonymous_1)
FN:42,(anonymous_2)
FN:59,(anonymous_3)
FN:82,(anonymous_4)
FN:103,(anonymous_5)
FN:125,(anonymous_6)
FN:196,(anonymous_7)
FN:218,(anonymous_8)
FN:254,(anonymous_9)
FNF:10
FNH:9
FNDA:3,(anonymous_0)
FNDA:4,(anonymous_1)
FNDA:2,(anonymous_2)
FNDA:5,(anonymous_3)
FNDA:2,(anonymous_4)
FNDA:2,(anonymous_5)
FNDA:2,(anonymous_6)
FNDA:2,(anonymous_7)
FNDA:2,(anonymous_8)
FNDA:0,(anonymous_9)
DA:15,3
DA:16,3
DA:17,3
DA:19,3
DA:21,0
DA:22,0
DA:30,4
DA:31,4
DA:32,4
DA:34,0
DA:35,0
DA:43,2
DA:44,2
DA:46,0
DA:47,0
DA:60,5
DA:61,5
DA:64,5
DA:66,5
DA:67,1
DA:68,1
DA:72,4
DA:74,3
DA:75,1
DA:76,1
DA:79,2
DA:82,2
DA:103,2
DA:109,2
DA:111,2
DA:116,1
DA:117,1
DA:131,2
DA:138,2
DA:139,2
DA:141,2
DA:142,0
DA:145,2
DA:147,2
DA:148,0
DA:149,0
DA:150,0
DA:153,2
DA:155,2
DA:156,3
DA:158,3
DA:159,1
DA:160,1
DA:161,1
DA:164,2
DA:184,2
DA:185,2
DA:187,0
DA:188,0
DA:195,2
DA:196,2
DA:201,2
DA:204,2
DA:205,2
DA:207,0
DA:208,0
DA:211,0
DA:219,2
DA:220,2
DA:222,2
DA:223,2
DA:225,2
DA:226,1
DA:227,1
DA:231,1
DA:232,1
DA:233,1
DA:242,1
DA:244,1
DA:246,0
DA:247,0
DA:255,0
DA:256,0
DA:257,0
DA:259,0
DA:260,0
LF:81
LH:59
BRDA:17,0,0,2
BRDA:17,0,1,1
BRDA:32,1,0,3
BRDA:32,1,1,1
BRDA:66,2,0,1
BRDA:66,2,1,4
BRDA:74,3,0,1
BRDA:74,3,1,2
BRDA:74,4,0,3
BRDA:74,4,1,3
BRDA:92,5,0,2
BRDA:92,5,1,0
BRDA:96,6,0,2
BRDA:96,6,1,0
BRDA:117,7,0,1
BRDA:117,7,1,0
BRDA:141,8,0,0
BRDA:141,8,1,2
BRDA:147,9,0,0
BRDA:147,9,1,2
BRDA:158,10,0,1
BRDA:158,10,1,2
BRDA:158,11,0,3
BRDA:158,11,1,2
BRDA:158,11,2,2
BRDA:169,12,0,2
BRDA:169,12,1,0
BRDA:170,13,0,2
BRDA:170,13,1,0
BRDA:174,14,0,2
BRDA:174,14,1,0
BRDA:176,15,0,0
BRDA:176,15,1,0
BRDA:178,16,0,2
BRDA:178,16,1,0
BRDA:189,17,0,0
BRDA:189,17,1,0
BRDA:195,18,0,2
BRDA:195,18,1,0
BRDA:209,19,0,0
BRDA:209,19,1,0
BRDA:225,20,0,1
BRDA:225,20,1,1
BRDA:231,21,0,1
BRDA:231,21,1,0
BRF:45
BRH:28
end_of_record
TN:
SF:services/momentStorage.ts
FN:15,(anonymous_0)
FN:17,(anonymous_1)
FN:35,(anonymous_2)
FN:51,(anonymous_3)
FN:77,(anonymous_4)
FN:80,(anonymous_5)
FN:90,(anonymous_6)
FN:105,(anonymous_7)
FN:108,(anonymous_8)
FN:133,(anonymous_9)
FN:136,(anonymous_10)
FN:156,(anonymous_11)
FN:167,(anonymous_12)
FN:170,(anonymous_13)
FN:180,(anonymous_14)
FN:183,(anonymous_15)
FN:193,(anonymous_16)
FN:197,(anonymous_17)
FN:208,(anonymous_18)
FN:213,(anonymous_19)
FN:227,(anonymous_20)
FN:239,(anonymous_21)
FN:252,(anonymous_22)
FN:259,(anonymous_23)
FN:260,(anonymous_24)
FNF:25
FNH:15
FNDA:4,(anonymous_0)
FNDA:3,(anonymous_1)
FNDA:10,(anonymous_2)
FNDA:11,(anonymous_3)
FNDA:2,(anonymous_4)
FNDA:1,(anonymous_5)
FNDA:0,(anonymous_6)
FNDA:1,(anonymous_7)
FNDA:1,(anonymous_8)
FNDA:1,(anonymous_9)
FNDA:1,(anonymous_10)
FNDA:1,(anonymous_11)
FNDA:2,(anonymous_12)
FNDA:4,(anonymous_13)
FNDA:0,(anonymous_14)
FNDA:0,(anonymous_15)
FNDA:0,(anonymous_16)
FNDA:0,(anonymous_17)
FNDA:1,(anonymous_18)
FNDA:1,(anonymous_19)
FNDA:0,(anonymous_20)
FNDA:0,(anonymous_21)
FNDA:0,(anonymous_22)
FNDA:0,(anonymous_23)
FNDA:0,(anonymous_24)
DA:16,4
DA:17,4
DA:23,4
DA:24,4
DA:26,0
DA:27,0
DA:36,10
DA:37,10
DA:39,10
DA:40,1
DA:43,9
DA:45,9
DA:46,0
DA:47,0
DA:51,9
DA:52,11
DA:59,11
DA:60,8
DA:61,3
DA:62,3
DA:64,0
DA:65,0
DA:69,0
DA:70,0
DA:78,2
DA:79,2
DA:80,2
DA:82,0
DA:83,0
DA:91,0
DA:92,0
DA:93,0
DA:94,0
DA:96,0
DA:97,0
DA:106,1
DA:107,1
DA:108,1
DA:110,1
DA:111,0
DA:115,1
DA:122,1
DA:124,0
DA:125,0
DA:134,1
DA:135,1
DA:136,1
DA:138,1
DA:139,0
DA:140,0
DA:144,1
DA:150,0
DA:156,1
DA:157,1
DA:159,0
DA:160,0
DA:168,2
DA:169,2
DA:170,4
DA:172,0
DA:173,0
DA:181,0
DA:182,0
DA:183,0
DA:185,0
DA:186,0
DA:194,0
DA:195,0
DA:196,0
DA:197,0
DA:200,0
DA:201,0
DA:209,1
DA:210,1
DA:211,1
DA:213,1
DA:214,1
DA:215,1
DA:216,1
DA:219,0
DA:220,0
DA:228,0
DA:229,0
DA:231,0
DA:232,0
DA:240,0
DA:241,0
DA:242,0
DA:244,0
DA:245,0
DA:257,0
DA:258,0
DA:259,0
DA:260,0
DA:262,0
DA:268,0
DA:269,0
LF:97
LH:42
BRDA:39,0,0,1
BRDA:39,0,1,9
BRDA:45,1,0,0
BRDA:45,1,1,9
BRDA:55,2,0,0
BRDA:55,2,1,11
BRDA:59,3,0,8
BRDA:59,3,1,3
BRDA:61,4,0,3
BRDA:61,4,1,0
BRDA:80,5,0,2
BRDA:80,5,1,1
BRDA:110,6,0,0
BRDA:110,6,1,1
BRDA:138,7,0,0
BRDA:138,7,1,1
BRDA:144,8,0,0
BRDA:144,8,1,1
BRDA:183,9,0,0
BRDA:183,9,1,0
BRDA:197,10,0,0
BRDA:197,10,1,0
BRDA:216,11,0,1
BRDA:216,11,1,0
BRF:24
BRH:13
end_of_record
TN:
SF:services/tagService.ts
FN:19,(anonymous_0)
FN:26,(anonymous_1)
FN:52,(anonymous_2)
FN:58,(anonymous_3)
FN:76,(anonymous_4)
FN:95,(anonymous_5)
FN:112,(anonymous_6)
FN:124,(anonymous_7)
FN:138,(anonymous_8)
FN:151,(anonymous_9)
FN:156,(anonymous_10)
FN:158,(anonymous_11)
FN:169,(anonymous_12)
FN:173,(anonymous_13)
FN:176,(anonymous_14)
FN:179,(anonymous_15)
FN:180,(anonymous_16)
FN:191,(anonymous_17)
FN:194,(anonymous_18)
FN:208,(anonymous_19)
FN:225,(anonymous_20)
FN:228,(anonymous_21)
FN:237,(anonymous_22)
FN:250,(anonymous_23)
FN:262,(anonymous_24)
FN:266,(anonymous_25)
FN:288,(anonymous_26)
FN:297,(anonymous_27)
FN:301,(anonymous_28)
FN:322,(anonymous_29)
FNF:30
FNH:21
FNDA:19,(anonymous_0)
FNDA:8,(anonymous_1)
FNDA:6,(anonymous_2)
FNDA:20,(anonymous_3)
FNDA:4,(anonymous_4)
FNDA:0,(anonymous_5)
FNDA:1,(anonymous_6)
FNDA:0,(anonymous_7)
FNDA:0,(anonymous_8)
FNDA:2,(anonymous_9)
FNDA:6,(anonymous_10)
FNDA:6,(anonymous_11)
FNDA:0,(anonymous_12)
FNDA:0,(anonymous_13)
FNDA:0,(anonymous_14)
FNDA:0,(anonymous_15)
FNDA:0,(anonymous_16)
FNDA:2,(anonymous_17)
FNDA:2,(anonymous_18)
FNDA:4,(anonymous_19)
FNDA:1,(anonymous_20)
FNDA:1,(anonymous_21)
FNDA:3,(anonymous_22)
FNDA:1,(anonymous_23)
FNDA:3,(anonymous_24)
FNDA:5,(anonymous_25)
FNDA:1,(anonymous_26)
FNDA:3,(anonymous_27)
FNDA:5,(anonymous_28)
FNDA:0,(anonymous_29)
DA:14,1
DA:20,19
DA:27,8
DA:28,0
DA:31,8
DA:32,8
DA:34,8
DA:35,22
DA:36,21
DA:37,42
DA:38,42
DA:39,42
DA:44,8
DA:45,8
DA:53,6
DA:54,6
DA:55,6
DA:58,6
DA:59,20
DA:60,20
DA:61,20
DA:64,6
DA:66,0
DA:67,0
DA:77,4
DA:78,4
DA:80,3
DA:81,3
DA:84,1
DA:85,1
DA:86,1
DA:88,1
DA:89,5
DA:90,1
DA:95,1
DA:96,0
DA:97,0
DA:98,0
DA:101,1
DA:103,0
DA:104,0
DA:113,1
DA:114,1
DA:116,0
DA:117,0
DA:125,0
DA:126,0
DA:127,0
DA:128,0
DA:130,0
DA:131,0
DA:139,0
DA:140,0
DA:141,0
DA:143,0
DA:144,0
DA:152,2
DA:153,2
DA:154,2
DA:156,2
DA:157,6
DA:158,6
DA:161,0
DA:162,0
DA:170,0
DA:171,0
DA:173,0
DA:174,0
DA:176,0
DA:177,0
DA:179,0
DA:180,0
DA:183,0
DA:184,0
DA:192,2
DA:193,2
DA:194,2
DA:196,2
DA:197,0
DA:200,2
DA:202,2
DA:203,0
DA:207,2
DA:208,4
DA:211,2
DA:212,1
DA:213,1
DA:214,1
DA:217,0
DA:218,0
DA:226,1
DA:227,1
DA:228,1
DA:230,1
DA:231,0
DA:234,1
DA:236,1
DA:237,3
DA:239,1
DA:240,1
DA:242,0
DA:243,0
DA:251,1
DA:252,1
DA:253,1
DA:255,1
DA:256,1
DA:258,1
DA:259,3
DA:261,3
DA:262,3
DA:265,3
DA:266,2
DA:267,5
DA:269,2
DA:274,1
DA:275,2
DA:278,1
DA:280,0
DA:281,0
DA:289,1
DA:290,1
DA:291,1
DA:292,1
DA:294,1
DA:295,3
DA:297,3
DA:299,3
DA:300,2
DA:301,5
DA:303,2
DA:308,1
DA:309,2
DA:312,1
DA:314,0
DA:315,0
DA:323,0
DA:324,0
DA:325,0
DA:327,0
DA:328,0
LF:141
LH:92
BRDA:27,0,0,0
BRDA:27,0,1,8
BRDA:35,1,0,21
BRDA:35,1,1,1
BRDA:35,2,0,22
BRDA:35,2,1,21
BRDA:38,3,0,42
BRDA:38,3,1,35
BRDA:59,4,0,20
BRDA:59,4,1,0
BRDA:60,5,0,20
BRDA:60,5,1,0
BRDA:76,6,0,3
BRDA:78,7,0,3
BRDA:78,7,1,1
BRDA:78,8,0,4
BRDA:78,8,1,1
BRDA:89,9,0,1
BRDA:89,9,1,4
BRDA:96,10,0,0
BRDA:96,10,1,0
BRDA:97,11,0,0
BRDA:97,11,1,0
BRDA:128,12,0,0
BRDA:128,12,1,0
BRDA:138,13,0,0
BRDA:157,14,0,0
BRDA:157,14,1,6
BRDA:171,15,0,0
BRDA:171,15,1,0
BRDA:177,16,0,0
BRDA:177,16,1,0
BRDA:177,17,0,0
BRDA:177,17,1,0
BRDA:196,18,0,0
BRDA:196,18,1,2
BRDA:202,19,0,0
BRDA:202,19,1,2
BRDA:211,20,0,1
BRDA:211,20,1,1
BRDA:230,21,0,0
BRDA:230,21,1,1
BRDA:234,22,0,0
BRDA:234,22,1,1
BRDA:259,23,0,0
BRDA:259,23,1,3
BRDA:265,24,0,2
BRDA:265,24,1,1
BRDA:267,25,0,2
BRDA:267,25,1,3
BRDA:295,26,0,0
BRDA:295,26,1,3
BRDA:299,27,0,2
BRDA:299,27,1,1
BRF:54
BRH:31
end_of_record
